2020-11-10 15:07:17.032  INFO 14586 --- [main] com.insightlake.edp.ui.Application       : Starting Application v0.0.1-SNAPSHOT on root with PID 14586 (/home/admin1/Project/docker-edp/MonitorUpDown/libs/edp-ui-0.0.1-SNAPSHOT.jar started by root in /home/admin1/Project/docker-edp/MonitorUpDown/logs)
2020-11-10 15:07:17.061  INFO 14586 --- [main] com.insightlake.edp.ui.Application       : No active profile set, falling back to default profiles: default
2020-11-10 15:07:17.304  INFO 14586 --- [main] ConfigServletWebServerApplicationContext : Refreshing org.springframework.boot.web.servlet.context.AnnotationConfigServletWebServerApplicationContext@64b8f8f4: startup date [Tue Nov 10 15:07:17 IST 2020]; root of context hierarchy
2020-11-10 15:07:22.659  INFO 14586 --- [main] o.s.b.w.embedded.tomcat.TomcatWebServer  : Tomcat initialized with port(s): 8080 (http)
2020-11-10 15:07:22.779  INFO 14586 --- [main] o.apache.catalina.core.StandardService   : Starting service [Tomcat]
2020-11-10 15:07:22.782  INFO 14586 --- [main] org.apache.catalina.core.StandardEngine  : Starting Servlet Engine: Apache Tomcat/8.5.29
2020-11-10 15:07:22.835  INFO 14586 --- [localhost-startStop-1] o.a.catalina.core.AprLifecycleListener   : The APR based Apache Tomcat Native library which allows optimal performance in production environments was not found on the java.library.path: [/usr/java/packages/lib/amd64:/usr/lib64:/lib64:/lib:/usr/lib]
2020-11-10 15:07:23.130  INFO 14586 --- [localhost-startStop-1] o.a.c.c.C.[Tomcat].[localhost].[/]       : Initializing Spring embedded WebApplicationContext
2020-11-10 15:07:23.131  INFO 14586 --- [localhost-startStop-1] o.s.web.context.ContextLoader            : Root WebApplicationContext: initialization completed in 5826 ms
2020-11-10 15:07:23.649  INFO 14586 --- [localhost-startStop-1] o.s.b.w.servlet.ServletRegistrationBean  : Servlet dispatcherServlet mapped to [/]
2020-11-10 15:07:23.661  INFO 14586 --- [localhost-startStop-1] o.s.b.w.servlet.FilterRegistrationBean   : Mapping filter: 'characterEncodingFilter' to: [/*]
2020-11-10 15:07:23.665  INFO 14586 --- [localhost-startStop-1] o.s.b.w.servlet.FilterRegistrationBean   : Mapping filter: 'hiddenHttpMethodFilter' to: [/*]
2020-11-10 15:07:23.665  INFO 14586 --- [localhost-startStop-1] o.s.b.w.servlet.FilterRegistrationBean   : Mapping filter: 'httpPutFormContentFilter' to: [/*]
2020-11-10 15:07:23.668  INFO 14586 --- [localhost-startStop-1] o.s.b.w.servlet.FilterRegistrationBean   : Mapping filter: 'requestContextFilter' to: [/*]
2020-11-10 15:07:24.260  INFO 14586 --- [main] o.s.w.s.handler.SimpleUrlHandlerMapping  : Mapped URL path [/**/favicon.ico] onto handler of type [class org.springframework.web.servlet.resource.ResourceHttpRequestHandler]
2020-11-10 15:07:25.029  INFO 14586 --- [main] s.w.s.m.m.a.RequestMappingHandlerAdapter : Looking for @ControllerAdvice: org.springframework.boot.web.servlet.context.AnnotationConfigServletWebServerApplicationContext@64b8f8f4: startup date [Tue Nov 10 15:07:17 IST 2020]; root of context hierarchy
2020-11-10 15:07:25.427  INFO 14586 --- [main] s.w.s.m.m.a.RequestMappingHandlerMapping : Mapped "{[/error],produces=[text/html]}" onto public org.springframework.web.servlet.ModelAndView org.springframework.boot.autoconfigure.web.servlet.error.BasicErrorController.errorHtml(javax.servlet.http.HttpServletRequest,javax.servlet.http.HttpServletResponse)
2020-11-10 15:07:25.429  INFO 14586 --- [main] s.w.s.m.m.a.RequestMappingHandlerMapping : Mapped "{[/error]}" onto public org.springframework.http.ResponseEntity<java.util.Map<java.lang.String, java.lang.Object>> org.springframework.boot.autoconfigure.web.servlet.error.BasicErrorController.error(javax.servlet.http.HttpServletRequest)
2020-11-10 15:07:25.525  INFO 14586 --- [main] o.s.w.s.handler.SimpleUrlHandlerMapping  : Mapped URL path [/webjars/**] onto handler of type [class org.springframework.web.servlet.resource.ResourceHttpRequestHandler]
2020-11-10 15:07:25.526  INFO 14586 --- [main] o.s.w.s.handler.SimpleUrlHandlerMapping  : Mapped URL path [/**] onto handler of type [class org.springframework.web.servlet.resource.ResourceHttpRequestHandler]
2020-11-10 15:07:25.690  INFO 14586 --- [main] o.s.b.a.w.s.WelcomePageHandlerMapping    : Adding welcome page: class path resource [static/index.html]
2020-11-10 15:07:26.091  INFO 14586 --- [main] o.s.j.e.a.AnnotationMBeanExporter        : Registering beans for JMX exposure on startup
2020-11-10 15:07:26.329  INFO 14586 --- [main] o.s.b.w.embedded.tomcat.TomcatWebServer  : Tomcat started on port(s): 8080 (http) with context path ''
2020-11-10 15:07:26.334  INFO 14586 --- [main] com.insightlake.edp.ui.Application       : Started Application in 10.683 seconds (JVM running for 12.271)
2020-11-10 15:09:13.795  INFO 14586 --- [http-nio-8080-exec-1] o.a.c.c.C.[Tomcat].[localhost].[/]       : Initializing Spring FrameworkServlet 'dispatcherServlet'
2020-11-10 15:09:13.795  INFO 14586 --- [http-nio-8080-exec-1] o.s.web.servlet.DispatcherServlet        : FrameworkServlet 'dispatcherServlet': initialization started
2020-11-10 15:09:13.809  INFO 14586 --- [http-nio-8080-exec-1] o.s.web.servlet.DispatcherServlet        : FrameworkServlet 'dispatcherServlet': initialization completed in 14 ms
