2020-11-10 15:07:17.601  INFO 14584 --- [main] c.insightlake.edp.api.user.Application   : Starting Application v0.0.1-SNAPSHOT on root with PID 14584 (/home/admin1/Project/docker-edp/MonitorUpDown/libs/edp-api-user-0.0.1-SNAPSHOT.jar started by root in /home/admin1/Project/docker-edp/MonitorUpDown/logs)
2020-11-10 15:07:17.627  INFO 14584 --- [main] c.insightlake.edp.api.user.Application   : No active profile set, falling back to default profiles: default
2020-11-10 15:07:17.990  INFO 14584 --- [main] ConfigServletWebServerApplicationContext : Refreshing org.springframework.boot.web.servlet.context.AnnotationConfigServletWebServerApplicationContext@567d299b: startup date [Tue Nov 10 15:07:17 IST 2020]; root of context hierarchy
2020-11-10 15:07:25.626  INFO 14584 --- [main] trationDelegate$BeanPostProcessorChecker : Bean 'org.springframework.transaction.annotation.ProxyTransactionManagementConfiguration' of type [org.springframework.transaction.annotation.ProxyTransactionManagementConfiguration$$EnhancerBySpringCGLIB$$b01add32] is not eligible for getting processed by all BeanPostProcessors (for example: not eligible for auto-proxying)
2020-11-10 15:07:26.782  INFO 14584 --- [main] o.s.b.w.embedded.tomcat.TomcatWebServer  : Tomcat initialized with port(s): 8182 (http)
2020-11-10 15:07:26.892  INFO 14584 --- [main] o.apache.catalina.core.StandardService   : Starting service [Tomcat]
2020-11-10 15:07:26.893  INFO 14584 --- [main] org.apache.catalina.core.StandardEngine  : Starting Servlet Engine: Apache Tomcat/8.5.29
2020-11-10 15:07:26.942  INFO 14584 --- [localhost-startStop-1] o.a.catalina.core.AprLifecycleListener   : The APR based Apache Tomcat Native library which allows optimal performance in production environments was not found on the java.library.path: [/usr/java/packages/lib/amd64:/usr/lib64:/lib64:/lib:/usr/lib]
2020-11-10 15:07:27.190  INFO 14584 --- [localhost-startStop-1] o.a.c.c.C.[Tomcat].[localhost].[/]       : Initializing Spring embedded WebApplicationContext
2020-11-10 15:07:27.191  INFO 14584 --- [localhost-startStop-1] o.s.web.context.ContextLoader            : Root WebApplicationContext: initialization completed in 9200 ms
2020-11-10 15:07:27.610  INFO 14584 --- [localhost-startStop-1] o.s.b.w.servlet.FilterRegistrationBean   : Mapping filter: 'characterEncodingFilter' to: [/*]
2020-11-10 15:07:27.620  INFO 14584 --- [localhost-startStop-1] .s.DelegatingFilterProxyRegistrationBean : Mapping filter: 'springSecurityFilterChain' to: [/*]
2020-11-10 15:07:27.621  INFO 14584 --- [localhost-startStop-1] o.s.b.w.servlet.FilterRegistrationBean   : Mapping filter: 'someFilterRegistration' to: [/*]
2020-11-10 15:07:27.621  INFO 14584 --- [localhost-startStop-1] o.s.b.w.servlet.ServletRegistrationBean  : Servlet dispatcherServlet mapped to [/]
2020-11-10 15:07:28.488  INFO 14584 --- [main] com.zaxxer.hikari.HikariDataSource       : HikariPool-1 - Starting...
2020-11-10 15:07:29.813 ERROR 14584 --- [main] com.zaxxer.hikari.pool.HikariPool        : HikariPool-1 - Exception during pool initialization.

org.h2.jdbc.JdbcSQLException: Database may be already in use: null. Possible solutions: close all other connection(s); use the server mode [90020-197]
	at org.h2.message.DbException.getJdbcSQLException(DbException.java:357) ~[h2-1.4.197.jar!/:na]
	at org.h2.message.DbException.get(DbException.java:168) ~[h2-1.4.197.jar!/:na]
	at org.h2.mvstore.db.MVTableEngine$Store.convertIllegalStateException(MVTableEngine.java:188) ~[h2-1.4.197.jar!/:na]
	at org.h2.mvstore.db.MVTableEngine$Store.open(MVTableEngine.java:168) ~[h2-1.4.197.jar!/:na]
	at org.h2.mvstore.db.MVTableEngine.init(MVTableEngine.java:100) ~[h2-1.4.197.jar!/:na]
	at org.h2.engine.Database.getPageStore(Database.java:2538) ~[h2-1.4.197.jar!/:na]
	at org.h2.engine.Database.open(Database.java:709) ~[h2-1.4.197.jar!/:na]
	at org.h2.engine.Database.openDatabase(Database.java:286) ~[h2-1.4.197.jar!/:na]
	at org.h2.engine.Database.<init>(Database.java:280) ~[h2-1.4.197.jar!/:na]
	at org.h2.engine.Engine.openSession(Engine.java:66) ~[h2-1.4.197.jar!/:na]
	at org.h2.engine.Engine.openSession(Engine.java:179) ~[h2-1.4.197.jar!/:na]
	at org.h2.engine.Engine.createSessionAndValidate(Engine.java:157) ~[h2-1.4.197.jar!/:na]
	at org.h2.engine.Engine.createSession(Engine.java:140) ~[h2-1.4.197.jar!/:na]
	at org.h2.engine.Engine.createSession(Engine.java:28) ~[h2-1.4.197.jar!/:na]
	at org.h2.engine.SessionRemote.connectEmbeddedOrServer(SessionRemote.java:351) ~[h2-1.4.197.jar!/:na]
	at org.h2.jdbc.JdbcConnection.<init>(JdbcConnection.java:124) ~[h2-1.4.197.jar!/:na]
	at org.h2.jdbc.JdbcConnection.<init>(JdbcConnection.java:103) ~[h2-1.4.197.jar!/:na]
	at org.h2.Driver.connect(Driver.java:69) ~[h2-1.4.197.jar!/:na]
	at com.zaxxer.hikari.util.DriverDataSource.getConnection(DriverDataSource.java:117) ~[HikariCP-2.7.8.jar!/:na]
	at com.zaxxer.hikari.util.DriverDataSource.getConnection(DriverDataSource.java:123) ~[HikariCP-2.7.8.jar!/:na]
	at com.zaxxer.hikari.pool.PoolBase.newConnection(PoolBase.java:365) ~[HikariCP-2.7.8.jar!/:na]
	at com.zaxxer.hikari.pool.PoolBase.newPoolEntry(PoolBase.java:194) ~[HikariCP-2.7.8.jar!/:na]
	at com.zaxxer.hikari.pool.HikariPool.createPoolEntry(HikariPool.java:460) [HikariCP-2.7.8.jar!/:na]
	at com.zaxxer.hikari.pool.HikariPool.checkFailFast(HikariPool.java:534) [HikariCP-2.7.8.jar!/:na]
	at com.zaxxer.hikari.pool.HikariPool.<init>(HikariPool.java:115) [HikariCP-2.7.8.jar!/:na]
	at com.zaxxer.hikari.HikariDataSource.getConnection(HikariDataSource.java:112) [HikariCP-2.7.8.jar!/:na]
	at org.springframework.jdbc.datasource.DataSourceUtils.fetchConnection(DataSourceUtils.java:151) [spring-jdbc-5.0.5.RELEASE.jar!/:5.0.5.RELEASE]
	at org.springframework.jdbc.datasource.DataSourceUtils.doGetConnection(DataSourceUtils.java:115) [spring-jdbc-5.0.5.RELEASE.jar!/:5.0.5.RELEASE]
	at org.springframework.jdbc.datasource.DataSourceUtils.getConnection(DataSourceUtils.java:78) [spring-jdbc-5.0.5.RELEASE.jar!/:5.0.5.RELEASE]
	at org.springframework.jdbc.support.JdbcUtils.extractDatabaseMetaData(JdbcUtils.java:318) [spring-jdbc-5.0.5.RELEASE.jar!/:5.0.5.RELEASE]
	at org.springframework.jdbc.support.JdbcUtils.extractDatabaseMetaData(JdbcUtils.java:355) [spring-jdbc-5.0.5.RELEASE.jar!/:5.0.5.RELEASE]
	at org.springframework.boot.autoconfigure.orm.jpa.DatabaseLookup.getDatabase(DatabaseLookup.java:72) [spring-boot-autoconfigure-2.0.1.RELEASE.jar!/:2.0.1.RELEASE]
	at org.springframework.boot.autoconfigure.orm.jpa.JpaProperties.determineDatabase(JpaProperties.java:169) [spring-boot-autoconfigure-2.0.1.RELEASE.jar!/:2.0.1.RELEASE]
	at org.springframework.boot.autoconfigure.orm.jpa.JpaBaseConfiguration.jpaVendorAdapter(JpaBaseConfiguration.java:111) [spring-boot-autoconfigure-2.0.1.RELEASE.jar!/:2.0.1.RELEASE]
	at org.springframework.boot.autoconfigure.orm.jpa.HibernateJpaConfiguration$$EnhancerBySpringCGLIB$$cef19fa1.CGLIB$jpaVendorAdapter$7(<generated>) [spring-boot-autoconfigure-2.0.1.RELEASE.jar!/:2.0.1.RELEASE]
	at org.springframework.boot.autoconfigure.orm.jpa.HibernateJpaConfiguration$$EnhancerBySpringCGLIB$$cef19fa1$$FastClassBySpringCGLIB$$3a251399.invoke(<generated>) [spring-boot-autoconfigure-2.0.1.RELEASE.jar!/:2.0.1.RELEASE]
	at org.springframework.cglib.proxy.MethodProxy.invokeSuper(MethodProxy.java:228) [spring-core-5.0.5.RELEASE.jar!/:5.0.5.RELEASE]
	at org.springframework.context.annotation.ConfigurationClassEnhancer$BeanMethodInterceptor.intercept(ConfigurationClassEnhancer.java:361) [spring-context-5.0.5.RELEASE.jar!/:5.0.5.RELEASE]
	at org.springframework.boot.autoconfigure.orm.jpa.HibernateJpaConfiguration$$EnhancerBySpringCGLIB$$cef19fa1.jpaVendorAdapter(<generated>) [spring-boot-autoconfigure-2.0.1.RELEASE.jar!/:2.0.1.RELEASE]
	at sun.reflect.NativeMethodAccessorImpl.invoke0(Native Method) ~[na:1.8.0_231]
	at sun.reflect.NativeMethodAccessorImpl.invoke(NativeMethodAccessorImpl.java:62) ~[na:1.8.0_231]
	at sun.reflect.DelegatingMethodAccessorImpl.invoke(DelegatingMethodAccessorImpl.java:43) ~[na:1.8.0_231]
	at java.lang.reflect.Method.invoke(Method.java:498) ~[na:1.8.0_231]
	at org.springframework.beans.factory.support.SimpleInstantiationStrategy.instantiate(SimpleInstantiationStrategy.java:154) [spring-beans-5.0.5.RELEASE.jar!/:5.0.5.RELEASE]
	at org.springframework.beans.factory.support.ConstructorResolver.instantiateUsingFactoryMethod(ConstructorResolver.java:579) [spring-beans-5.0.5.RELEASE.jar!/:5.0.5.RELEASE]
	at org.springframework.beans.factory.support.AbstractAutowireCapableBeanFactory.instantiateUsingFactoryMethod(AbstractAutowireCapableBeanFactory.java:1250) [spring-beans-5.0.5.RELEASE.jar!/:5.0.5.RELEASE]
	at org.springframework.beans.factory.support.AbstractAutowireCapableBeanFactory.createBeanInstance(AbstractAutowireCapableBeanFactory.java:1099) [spring-beans-5.0.5.RELEASE.jar!/:5.0.5.RELEASE]
	at org.springframework.beans.factory.support.AbstractAutowireCapableBeanFactory.doCreateBean(AbstractAutowireCapableBeanFactory.java:541) [spring-beans-5.0.5.RELEASE.jar!/:5.0.5.RELEASE]
	at org.springframework.beans.factory.support.AbstractAutowireCapableBeanFactory.createBean(AbstractAutowireCapableBeanFactory.java:501) [spring-beans-5.0.5.RELEASE.jar!/:5.0.5.RELEASE]
	at org.springframework.beans.factory.support.AbstractBeanFactory.lambda$doGetBean$0(AbstractBeanFactory.java:317) [spring-beans-5.0.5.RELEASE.jar!/:5.0.5.RELEASE]
	at org.springframework.beans.factory.support.DefaultSingletonBeanRegistry.getSingleton(DefaultSingletonBeanRegistry.java:228) ~[spring-beans-5.0.5.RELEASE.jar!/:5.0.5.RELEASE]
	at org.springframework.beans.factory.support.AbstractBeanFactory.doGetBean(AbstractBeanFactory.java:315) [spring-beans-5.0.5.RELEASE.jar!/:5.0.5.RELEASE]
	at org.springframework.beans.factory.support.AbstractBeanFactory.getBean(AbstractBeanFactory.java:199) [spring-beans-5.0.5.RELEASE.jar!/:5.0.5.RELEASE]
	at org.springframework.beans.factory.config.DependencyDescriptor.resolveCandidate(DependencyDescriptor.java:251) ~[spring-beans-5.0.5.RELEASE.jar!/:5.0.5.RELEASE]
	at org.springframework.beans.factory.support.DefaultListableBeanFactory.doResolveDependency(DefaultListableBeanFactory.java:1138) ~[spring-beans-5.0.5.RELEASE.jar!/:5.0.5.RELEASE]
	at org.springframework.beans.factory.support.DefaultListableBeanFactory.resolveDependency(DefaultListableBeanFactory.java:1065) ~[spring-beans-5.0.5.RELEASE.jar!/:5.0.5.RELEASE]
	at org.springframework.beans.factory.support.ConstructorResolver.resolveAutowiredArgument(ConstructorResolver.java:815) [spring-beans-5.0.5.RELEASE.jar!/:5.0.5.RELEASE]
	at org.springframework.beans.factory.support.ConstructorResolver.createArgumentArray(ConstructorResolver.java:721) [spring-beans-5.0.5.RELEASE.jar!/:5.0.5.RELEASE]
	at org.springframework.beans.factory.support.ConstructorResolver.instantiateUsingFactoryMethod(ConstructorResolver.java:470) [spring-beans-5.0.5.RELEASE.jar!/:5.0.5.RELEASE]
	at org.springframework.beans.factory.support.AbstractAutowireCapableBeanFactory.instantiateUsingFactoryMethod(AbstractAutowireCapableBeanFactory.java:1250) [spring-beans-5.0.5.RELEASE.jar!/:5.0.5.RELEASE]
	at org.springframework.beans.factory.support.AbstractAutowireCapableBeanFactory.createBeanInstance(AbstractAutowireCapableBeanFactory.java:1099) [spring-beans-5.0.5.RELEASE.jar!/:5.0.5.RELEASE]
	at org.springframework.beans.factory.support.AbstractAutowireCapableBeanFactory.doCreateBean(AbstractAutowireCapableBeanFactory.java:541) [spring-beans-5.0.5.RELEASE.jar!/:5.0.5.RELEASE]
	at org.springframework.beans.factory.support.AbstractAutowireCapableBeanFactory.createBean(AbstractAutowireCapableBeanFactory.java:501) [spring-beans-5.0.5.RELEASE.jar!/:5.0.5.RELEASE]
	at org.springframework.beans.factory.support.AbstractBeanFactory.lambda$doGetBean$0(AbstractBeanFactory.java:317) [spring-beans-5.0.5.RELEASE.jar!/:5.0.5.RELEASE]
	at org.springframework.beans.factory.support.DefaultSingletonBeanRegistry.getSingleton(DefaultSingletonBeanRegistry.java:228) ~[spring-beans-5.0.5.RELEASE.jar!/:5.0.5.RELEASE]
	at org.springframework.beans.factory.support.AbstractBeanFactory.doGetBean(AbstractBeanFactory.java:315) [spring-beans-5.0.5.RELEASE.jar!/:5.0.5.RELEASE]
	at org.springframework.beans.factory.support.AbstractBeanFactory.getBean(AbstractBeanFactory.java:199) [spring-beans-5.0.5.RELEASE.jar!/:5.0.5.RELEASE]
	at org.springframework.beans.factory.config.DependencyDescriptor.resolveCandidate(DependencyDescriptor.java:251) ~[spring-beans-5.0.5.RELEASE.jar!/:5.0.5.RELEASE]
	at org.springframework.beans.factory.support.DefaultListableBeanFactory.doResolveDependency(DefaultListableBeanFactory.java:1138) ~[spring-beans-5.0.5.RELEASE.jar!/:5.0.5.RELEASE]
	at org.springframework.beans.factory.support.DefaultListableBeanFactory.resolveDependency(DefaultListableBeanFactory.java:1065) ~[spring-beans-5.0.5.RELEASE.jar!/:5.0.5.RELEASE]
	at org.springframework.beans.factory.support.ConstructorResolver.resolveAutowiredArgument(ConstructorResolver.java:815) [spring-beans-5.0.5.RELEASE.jar!/:5.0.5.RELEASE]
	at org.springframework.beans.factory.support.ConstructorResolver.createArgumentArray(ConstructorResolver.java:721) [spring-beans-5.0.5.RELEASE.jar!/:5.0.5.RELEASE]
	at org.springframework.beans.factory.support.ConstructorResolver.instantiateUsingFactoryMethod(ConstructorResolver.java:470) [spring-beans-5.0.5.RELEASE.jar!/:5.0.5.RELEASE]
	at org.springframework.beans.factory.support.AbstractAutowireCapableBeanFactory.instantiateUsingFactoryMethod(AbstractAutowireCapableBeanFactory.java:1250) [spring-beans-5.0.5.RELEASE.jar!/:5.0.5.RELEASE]
	at org.springframework.beans.factory.support.AbstractAutowireCapableBeanFactory.createBeanInstance(AbstractAutowireCapableBeanFactory.java:1099) [spring-beans-5.0.5.RELEASE.jar!/:5.0.5.RELEASE]
	at org.springframework.beans.factory.support.AbstractAutowireCapableBeanFactory.doCreateBean(AbstractAutowireCapableBeanFactory.java:541) [spring-beans-5.0.5.RELEASE.jar!/:5.0.5.RELEASE]
	at org.springframework.beans.factory.support.AbstractAutowireCapableBeanFactory.createBean(AbstractAutowireCapableBeanFactory.java:501) [spring-beans-5.0.5.RELEASE.jar!/:5.0.5.RELEASE]
	at org.springframework.beans.factory.support.AbstractBeanFactory.lambda$doGetBean$0(AbstractBeanFactory.java:317) [spring-beans-5.0.5.RELEASE.jar!/:5.0.5.RELEASE]
	at org.springframework.beans.factory.support.DefaultSingletonBeanRegistry.getSingleton(DefaultSingletonBeanRegistry.java:228) ~[spring-beans-5.0.5.RELEASE.jar!/:5.0.5.RELEASE]
	at org.springframework.beans.factory.support.AbstractBeanFactory.doGetBean(AbstractBeanFactory.java:315) [spring-beans-5.0.5.RELEASE.jar!/:5.0.5.RELEASE]
	at org.springframework.beans.factory.support.AbstractBeanFactory.getBean(AbstractBeanFactory.java:199) [spring-beans-5.0.5.RELEASE.jar!/:5.0.5.RELEASE]
	at org.springframework.context.support.AbstractApplicationContext.getBean(AbstractApplicationContext.java:1089) ~[spring-context-5.0.5.RELEASE.jar!/:5.0.5.RELEASE]
	at org.springframework.context.support.AbstractApplicationContext.finishBeanFactoryInitialization(AbstractApplicationContext.java:859) ~[spring-context-5.0.5.RELEASE.jar!/:5.0.5.RELEASE]
	at org.springframework.context.support.AbstractApplicationContext.refresh(AbstractApplicationContext.java:550) ~[spring-context-5.0.5.RELEASE.jar!/:5.0.5.RELEASE]
	at org.springframework.boot.web.servlet.context.ServletWebServerApplicationContext.refresh(ServletWebServerApplicationContext.java:140) ~[spring-boot-2.0.1.RELEASE.jar!/:2.0.1.RELEASE]
	at org.springframework.boot.SpringApplication.refresh(SpringApplication.java:759) ~[spring-boot-2.0.1.RELEASE.jar!/:2.0.1.RELEASE]
	at org.springframework.boot.SpringApplication.refreshContext(SpringApplication.java:395) ~[spring-boot-2.0.1.RELEASE.jar!/:2.0.1.RELEASE]
	at org.springframework.boot.SpringApplication.run(SpringApplication.java:327) ~[spring-boot-2.0.1.RELEASE.jar!/:2.0.1.RELEASE]
	at org.springframework.boot.SpringApplication.run(SpringApplication.java:1255) ~[spring-boot-2.0.1.RELEASE.jar!/:2.0.1.RELEASE]
	at org.springframework.boot.SpringApplication.run(SpringApplication.java:1243) ~[spring-boot-2.0.1.RELEASE.jar!/:2.0.1.RELEASE]
	at com.insightlake.edp.api.user.Application.main(Application.java:25) ~[classes!/:0.0.1-SNAPSHOT]
	at sun.reflect.NativeMethodAccessorImpl.invoke0(Native Method) ~[na:1.8.0_231]
	at sun.reflect.NativeMethodAccessorImpl.invoke(NativeMethodAccessorImpl.java:62) ~[na:1.8.0_231]
	at sun.reflect.DelegatingMethodAccessorImpl.invoke(DelegatingMethodAccessorImpl.java:43) ~[na:1.8.0_231]
	at java.lang.reflect.Method.invoke(Method.java:498) ~[na:1.8.0_231]
	at org.springframework.boot.loader.MainMethodRunner.run(MainMethodRunner.java:48) ~[edp-api-user-0.0.1-SNAPSHOT.jar:0.0.1-SNAPSHOT]
	at org.springframework.boot.loader.Launcher.launch(Launcher.java:87) ~[edp-api-user-0.0.1-SNAPSHOT.jar:0.0.1-SNAPSHOT]
	at org.springframework.boot.loader.Launcher.launch(Launcher.java:50) ~[edp-api-user-0.0.1-SNAPSHOT.jar:0.0.1-SNAPSHOT]
	at org.springframework.boot.loader.JarLauncher.main(JarLauncher.java:51) ~[edp-api-user-0.0.1-SNAPSHOT.jar:0.0.1-SNAPSHOT]
Caused by: java.lang.IllegalStateException: The file is locked: nio:/tmp/data/db.mv.db [1.4.197/7]
	at org.h2.mvstore.DataUtils.newIllegalStateException(DataUtils.java:870) ~[h2-1.4.197.jar!/:na]
	at org.h2.mvstore.FileStore.open(FileStore.java:173) ~[h2-1.4.197.jar!/:na]
	at org.h2.mvstore.MVStore.<init>(MVStore.java:350) ~[h2-1.4.197.jar!/:na]
	at org.h2.mvstore.MVStore$Builder.open(MVStore.java:2934) ~[h2-1.4.197.jar!/:na]
	at org.h2.mvstore.db.MVTableEngine$Store.open(MVTableEngine.java:155) ~[h2-1.4.197.jar!/:na]
	... 95 common frames omitted

2020-11-10 15:07:29.819  WARN 14584 --- [main] o.s.b.a.orm.jpa.DatabaseLookup           : Unable to determine jdbc url from datasource

org.springframework.jdbc.support.MetaDataAccessException: Could not get Connection for extracting meta-data; nested exception is org.springframework.jdbc.CannotGetJdbcConnectionException: Failed to obtain JDBC Connection; nested exception is org.h2.jdbc.JdbcSQLException: Database may be already in use: null. Possible solutions: close all other connection(s); use the server mode [90020-197]
	at org.springframework.jdbc.support.JdbcUtils.extractDatabaseMetaData(JdbcUtils.java:327) ~[spring-jdbc-5.0.5.RELEASE.jar!/:5.0.5.RELEASE]
	at org.springframework.jdbc.support.JdbcUtils.extractDatabaseMetaData(JdbcUtils.java:355) ~[spring-jdbc-5.0.5.RELEASE.jar!/:5.0.5.RELEASE]
	at org.springframework.boot.autoconfigure.orm.jpa.DatabaseLookup.getDatabase(DatabaseLookup.java:72) ~[spring-boot-autoconfigure-2.0.1.RELEASE.jar!/:2.0.1.RELEASE]
	at org.springframework.boot.autoconfigure.orm.jpa.JpaProperties.determineDatabase(JpaProperties.java:169) [spring-boot-autoconfigure-2.0.1.RELEASE.jar!/:2.0.1.RELEASE]
	at org.springframework.boot.autoconfigure.orm.jpa.JpaBaseConfiguration.jpaVendorAdapter(JpaBaseConfiguration.java:111) [spring-boot-autoconfigure-2.0.1.RELEASE.jar!/:2.0.1.RELEASE]
	at org.springframework.boot.autoconfigure.orm.jpa.HibernateJpaConfiguration$$EnhancerBySpringCGLIB$$cef19fa1.CGLIB$jpaVendorAdapter$7(<generated>) [spring-boot-autoconfigure-2.0.1.RELEASE.jar!/:2.0.1.RELEASE]
	at org.springframework.boot.autoconfigure.orm.jpa.HibernateJpaConfiguration$$EnhancerBySpringCGLIB$$cef19fa1$$FastClassBySpringCGLIB$$3a251399.invoke(<generated>) [spring-boot-autoconfigure-2.0.1.RELEASE.jar!/:2.0.1.RELEASE]
	at org.springframework.cglib.proxy.MethodProxy.invokeSuper(MethodProxy.java:228) [spring-core-5.0.5.RELEASE.jar!/:5.0.5.RELEASE]
	at org.springframework.context.annotation.ConfigurationClassEnhancer$BeanMethodInterceptor.intercept(ConfigurationClassEnhancer.java:361) [spring-context-5.0.5.RELEASE.jar!/:5.0.5.RELEASE]
	at org.springframework.boot.autoconfigure.orm.jpa.HibernateJpaConfiguration$$EnhancerBySpringCGLIB$$cef19fa1.jpaVendorAdapter(<generated>) [spring-boot-autoconfigure-2.0.1.RELEASE.jar!/:2.0.1.RELEASE]
	at sun.reflect.NativeMethodAccessorImpl.invoke0(Native Method) ~[na:1.8.0_231]
	at sun.reflect.NativeMethodAccessorImpl.invoke(NativeMethodAccessorImpl.java:62) ~[na:1.8.0_231]
	at sun.reflect.DelegatingMethodAccessorImpl.invoke(DelegatingMethodAccessorImpl.java:43) ~[na:1.8.0_231]
	at java.lang.reflect.Method.invoke(Method.java:498) ~[na:1.8.0_231]
	at org.springframework.beans.factory.support.SimpleInstantiationStrategy.instantiate(SimpleInstantiationStrategy.java:154) [spring-beans-5.0.5.RELEASE.jar!/:5.0.5.RELEASE]
	at org.springframework.beans.factory.support.ConstructorResolver.instantiateUsingFactoryMethod(ConstructorResolver.java:579) [spring-beans-5.0.5.RELEASE.jar!/:5.0.5.RELEASE]
	at org.springframework.beans.factory.support.AbstractAutowireCapableBeanFactory.instantiateUsingFactoryMethod(AbstractAutowireCapableBeanFactory.java:1250) [spring-beans-5.0.5.RELEASE.jar!/:5.0.5.RELEASE]
	at org.springframework.beans.factory.support.AbstractAutowireCapableBeanFactory.createBeanInstance(AbstractAutowireCapableBeanFactory.java:1099) [spring-beans-5.0.5.RELEASE.jar!/:5.0.5.RELEASE]
	at org.springframework.beans.factory.support.AbstractAutowireCapableBeanFactory.doCreateBean(AbstractAutowireCapableBeanFactory.java:541) [spring-beans-5.0.5.RELEASE.jar!/:5.0.5.RELEASE]
	at org.springframework.beans.factory.support.AbstractAutowireCapableBeanFactory.createBean(AbstractAutowireCapableBeanFactory.java:501) [spring-beans-5.0.5.RELEASE.jar!/:5.0.5.RELEASE]
	at org.springframework.beans.factory.support.AbstractBeanFactory.lambda$doGetBean$0(AbstractBeanFactory.java:317) [spring-beans-5.0.5.RELEASE.jar!/:5.0.5.RELEASE]
	at org.springframework.beans.factory.support.DefaultSingletonBeanRegistry.getSingleton(DefaultSingletonBeanRegistry.java:228) ~[spring-beans-5.0.5.RELEASE.jar!/:5.0.5.RELEASE]
	at org.springframework.beans.factory.support.AbstractBeanFactory.doGetBean(AbstractBeanFactory.java:315) [spring-beans-5.0.5.RELEASE.jar!/:5.0.5.RELEASE]
	at org.springframework.beans.factory.support.AbstractBeanFactory.getBean(AbstractBeanFactory.java:199) [spring-beans-5.0.5.RELEASE.jar!/:5.0.5.RELEASE]
	at org.springframework.beans.factory.config.DependencyDescriptor.resolveCandidate(DependencyDescriptor.java:251) ~[spring-beans-5.0.5.RELEASE.jar!/:5.0.5.RELEASE]
	at org.springframework.beans.factory.support.DefaultListableBeanFactory.doResolveDependency(DefaultListableBeanFactory.java:1138) ~[spring-beans-5.0.5.RELEASE.jar!/:5.0.5.RELEASE]
	at org.springframework.beans.factory.support.DefaultListableBeanFactory.resolveDependency(DefaultListableBeanFactory.java:1065) ~[spring-beans-5.0.5.RELEASE.jar!/:5.0.5.RELEASE]
	at org.springframework.beans.factory.support.ConstructorResolver.resolveAutowiredArgument(ConstructorResolver.java:815) [spring-beans-5.0.5.RELEASE.jar!/:5.0.5.RELEASE]
	at org.springframework.beans.factory.support.ConstructorResolver.createArgumentArray(ConstructorResolver.java:721) [spring-beans-5.0.5.RELEASE.jar!/:5.0.5.RELEASE]
	at org.springframework.beans.factory.support.ConstructorResolver.instantiateUsingFactoryMethod(ConstructorResolver.java:470) [spring-beans-5.0.5.RELEASE.jar!/:5.0.5.RELEASE]
	at org.springframework.beans.factory.support.AbstractAutowireCapableBeanFactory.instantiateUsingFactoryMethod(AbstractAutowireCapableBeanFactory.java:1250) [spring-beans-5.0.5.RELEASE.jar!/:5.0.5.RELEASE]
	at org.springframework.beans.factory.support.AbstractAutowireCapableBeanFactory.createBeanInstance(AbstractAutowireCapableBeanFactory.java:1099) [spring-beans-5.0.5.RELEASE.jar!/:5.0.5.RELEASE]
	at org.springframework.beans.factory.support.AbstractAutowireCapableBeanFactory.doCreateBean(AbstractAutowireCapableBeanFactory.java:541) [spring-beans-5.0.5.RELEASE.jar!/:5.0.5.RELEASE]
	at org.springframework.beans.factory.support.AbstractAutowireCapableBeanFactory.createBean(AbstractAutowireCapableBeanFactory.java:501) [spring-beans-5.0.5.RELEASE.jar!/:5.0.5.RELEASE]
	at org.springframework.beans.factory.support.AbstractBeanFactory.lambda$doGetBean$0(AbstractBeanFactory.java:317) [spring-beans-5.0.5.RELEASE.jar!/:5.0.5.RELEASE]
	at org.springframework.beans.factory.support.DefaultSingletonBeanRegistry.getSingleton(DefaultSingletonBeanRegistry.java:228) ~[spring-beans-5.0.5.RELEASE.jar!/:5.0.5.RELEASE]
	at org.springframework.beans.factory.support.AbstractBeanFactory.doGetBean(AbstractBeanFactory.java:315) [spring-beans-5.0.5.RELEASE.jar!/:5.0.5.RELEASE]
	at org.springframework.beans.factory.support.AbstractBeanFactory.getBean(AbstractBeanFactory.java:199) [spring-beans-5.0.5.RELEASE.jar!/:5.0.5.RELEASE]
	at org.springframework.beans.factory.config.DependencyDescriptor.resolveCandidate(DependencyDescriptor.java:251) ~[spring-beans-5.0.5.RELEASE.jar!/:5.0.5.RELEASE]
	at org.springframework.beans.factory.support.DefaultListableBeanFactory.doResolveDependency(DefaultListableBeanFactory.java:1138) ~[spring-beans-5.0.5.RELEASE.jar!/:5.0.5.RELEASE]
	at org.springframework.beans.factory.support.DefaultListableBeanFactory.resolveDependency(DefaultListableBeanFactory.java:1065) ~[spring-beans-5.0.5.RELEASE.jar!/:5.0.5.RELEASE]
	at org.springframework.beans.factory.support.ConstructorResolver.resolveAutowiredArgument(ConstructorResolver.java:815) [spring-beans-5.0.5.RELEASE.jar!/:5.0.5.RELEASE]
	at org.springframework.beans.factory.support.ConstructorResolver.createArgumentArray(ConstructorResolver.java:721) [spring-beans-5.0.5.RELEASE.jar!/:5.0.5.RELEASE]
	at org.springframework.beans.factory.support.ConstructorResolver.instantiateUsingFactoryMethod(ConstructorResolver.java:470) [spring-beans-5.0.5.RELEASE.jar!/:5.0.5.RELEASE]
	at org.springframework.beans.factory.support.AbstractAutowireCapableBeanFactory.instantiateUsingFactoryMethod(AbstractAutowireCapableBeanFactory.java:1250) [spring-beans-5.0.5.RELEASE.jar!/:5.0.5.RELEASE]
	at org.springframework.beans.factory.support.AbstractAutowireCapableBeanFactory.createBeanInstance(AbstractAutowireCapableBeanFactory.java:1099) [spring-beans-5.0.5.RELEASE.jar!/:5.0.5.RELEASE]
	at org.springframework.beans.factory.support.AbstractAutowireCapableBeanFactory.doCreateBean(AbstractAutowireCapableBeanFactory.java:541) [spring-beans-5.0.5.RELEASE.jar!/:5.0.5.RELEASE]
	at org.springframework.beans.factory.support.AbstractAutowireCapableBeanFactory.createBean(AbstractAutowireCapableBeanFactory.java:501) [spring-beans-5.0.5.RELEASE.jar!/:5.0.5.RELEASE]
	at org.springframework.beans.factory.support.AbstractBeanFactory.lambda$doGetBean$0(AbstractBeanFactory.java:317) [spring-beans-5.0.5.RELEASE.jar!/:5.0.5.RELEASE]
	at org.springframework.beans.factory.support.DefaultSingletonBeanRegistry.getSingleton(DefaultSingletonBeanRegistry.java:228) ~[spring-beans-5.0.5.RELEASE.jar!/:5.0.5.RELEASE]
	at org.springframework.beans.factory.support.AbstractBeanFactory.doGetBean(AbstractBeanFactory.java:315) [spring-beans-5.0.5.RELEASE.jar!/:5.0.5.RELEASE]
	at org.springframework.beans.factory.support.AbstractBeanFactory.getBean(AbstractBeanFactory.java:199) [spring-beans-5.0.5.RELEASE.jar!/:5.0.5.RELEASE]
	at org.springframework.context.support.AbstractApplicationContext.getBean(AbstractApplicationContext.java:1089) ~[spring-context-5.0.5.RELEASE.jar!/:5.0.5.RELEASE]
	at org.springframework.context.support.AbstractApplicationContext.finishBeanFactoryInitialization(AbstractApplicationContext.java:859) ~[spring-context-5.0.5.RELEASE.jar!/:5.0.5.RELEASE]
	at org.springframework.context.support.AbstractApplicationContext.refresh(AbstractApplicationContext.java:550) ~[spring-context-5.0.5.RELEASE.jar!/:5.0.5.RELEASE]
	at org.springframework.boot.web.servlet.context.ServletWebServerApplicationContext.refresh(ServletWebServerApplicationContext.java:140) ~[spring-boot-2.0.1.RELEASE.jar!/:2.0.1.RELEASE]
	at org.springframework.boot.SpringApplication.refresh(SpringApplication.java:759) ~[spring-boot-2.0.1.RELEASE.jar!/:2.0.1.RELEASE]
	at org.springframework.boot.SpringApplication.refreshContext(SpringApplication.java:395) ~[spring-boot-2.0.1.RELEASE.jar!/:2.0.1.RELEASE]
	at org.springframework.boot.SpringApplication.run(SpringApplication.java:327) ~[spring-boot-2.0.1.RELEASE.jar!/:2.0.1.RELEASE]
	at org.springframework.boot.SpringApplication.run(SpringApplication.java:1255) ~[spring-boot-2.0.1.RELEASE.jar!/:2.0.1.RELEASE]
	at org.springframework.boot.SpringApplication.run(SpringApplication.java:1243) ~[spring-boot-2.0.1.RELEASE.jar!/:2.0.1.RELEASE]
	at com.insightlake.edp.api.user.Application.main(Application.java:25) ~[classes!/:0.0.1-SNAPSHOT]
	at sun.reflect.NativeMethodAccessorImpl.invoke0(Native Method) ~[na:1.8.0_231]
	at sun.reflect.NativeMethodAccessorImpl.invoke(NativeMethodAccessorImpl.java:62) ~[na:1.8.0_231]
	at sun.reflect.DelegatingMethodAccessorImpl.invoke(DelegatingMethodAccessorImpl.java:43) ~[na:1.8.0_231]
	at java.lang.reflect.Method.invoke(Method.java:498) ~[na:1.8.0_231]
	at org.springframework.boot.loader.MainMethodRunner.run(MainMethodRunner.java:48) ~[edp-api-user-0.0.1-SNAPSHOT.jar:0.0.1-SNAPSHOT]
	at org.springframework.boot.loader.Launcher.launch(Launcher.java:87) ~[edp-api-user-0.0.1-SNAPSHOT.jar:0.0.1-SNAPSHOT]
	at org.springframework.boot.loader.Launcher.launch(Launcher.java:50) ~[edp-api-user-0.0.1-SNAPSHOT.jar:0.0.1-SNAPSHOT]
	at org.springframework.boot.loader.JarLauncher.main(JarLauncher.java:51) ~[edp-api-user-0.0.1-SNAPSHOT.jar:0.0.1-SNAPSHOT]
Caused by: org.springframework.jdbc.CannotGetJdbcConnectionException: Failed to obtain JDBC Connection; nested exception is org.h2.jdbc.JdbcSQLException: Database may be already in use: null. Possible solutions: close all other connection(s); use the server mode [90020-197]
	at org.springframework.jdbc.datasource.DataSourceUtils.getConnection(DataSourceUtils.java:81) ~[spring-jdbc-5.0.5.RELEASE.jar!/:5.0.5.RELEASE]
	at org.springframework.jdbc.support.JdbcUtils.extractDatabaseMetaData(JdbcUtils.java:318) ~[spring-jdbc-5.0.5.RELEASE.jar!/:5.0.5.RELEASE]
	... 69 common frames omitted
Caused by: org.h2.jdbc.JdbcSQLException: Database may be already in use: null. Possible solutions: close all other connection(s); use the server mode [90020-197]
	at org.h2.message.DbException.getJdbcSQLException(DbException.java:357) ~[h2-1.4.197.jar!/:na]
	at org.h2.message.DbException.get(DbException.java:168) ~[h2-1.4.197.jar!/:na]
	at org.h2.mvstore.db.MVTableEngine$Store.convertIllegalStateException(MVTableEngine.java:188) ~[h2-1.4.197.jar!/:na]
	at org.h2.mvstore.db.MVTableEngine$Store.open(MVTableEngine.java:168) ~[h2-1.4.197.jar!/:na]
	at org.h2.mvstore.db.MVTableEngine.init(MVTableEngine.java:100) ~[h2-1.4.197.jar!/:na]
	at org.h2.engine.Database.getPageStore(Database.java:2538) ~[h2-1.4.197.jar!/:na]
	at org.h2.engine.Database.open(Database.java:709) ~[h2-1.4.197.jar!/:na]
	at org.h2.engine.Database.openDatabase(Database.java:286) ~[h2-1.4.197.jar!/:na]
	at org.h2.engine.Database.<init>(Database.java:280) ~[h2-1.4.197.jar!/:na]
	at org.h2.engine.Engine.openSession(Engine.java:66) ~[h2-1.4.197.jar!/:na]
	at org.h2.engine.Engine.openSession(Engine.java:179) ~[h2-1.4.197.jar!/:na]
	at org.h2.engine.Engine.createSessionAndValidate(Engine.java:157) ~[h2-1.4.197.jar!/:na]
	at org.h2.engine.Engine.createSession(Engine.java:140) ~[h2-1.4.197.jar!/:na]
	at org.h2.engine.Engine.createSession(Engine.java:28) ~[h2-1.4.197.jar!/:na]
	at org.h2.engine.SessionRemote.connectEmbeddedOrServer(SessionRemote.java:351) ~[h2-1.4.197.jar!/:na]
	at org.h2.jdbc.JdbcConnection.<init>(JdbcConnection.java:124) ~[h2-1.4.197.jar!/:na]
	at org.h2.jdbc.JdbcConnection.<init>(JdbcConnection.java:103) ~[h2-1.4.197.jar!/:na]
	at org.h2.Driver.connect(Driver.java:69) ~[h2-1.4.197.jar!/:na]
	at com.zaxxer.hikari.util.DriverDataSource.getConnection(DriverDataSource.java:117) ~[HikariCP-2.7.8.jar!/:na]
	at com.zaxxer.hikari.util.DriverDataSource.getConnection(DriverDataSource.java:123) ~[HikariCP-2.7.8.jar!/:na]
	at com.zaxxer.hikari.pool.PoolBase.newConnection(PoolBase.java:365) ~[HikariCP-2.7.8.jar!/:na]
	at com.zaxxer.hikari.pool.PoolBase.newPoolEntry(PoolBase.java:194) ~[HikariCP-2.7.8.jar!/:na]
	at com.zaxxer.hikari.pool.HikariPool.createPoolEntry(HikariPool.java:460) ~[HikariCP-2.7.8.jar!/:na]
	at com.zaxxer.hikari.pool.HikariPool.checkFailFast(HikariPool.java:534) ~[HikariCP-2.7.8.jar!/:na]
	at com.zaxxer.hikari.pool.HikariPool.<init>(HikariPool.java:115) ~[HikariCP-2.7.8.jar!/:na]
	at com.zaxxer.hikari.HikariDataSource.getConnection(HikariDataSource.java:112) ~[HikariCP-2.7.8.jar!/:na]
	at org.springframework.jdbc.datasource.DataSourceUtils.fetchConnection(DataSourceUtils.java:151) ~[spring-jdbc-5.0.5.RELEASE.jar!/:5.0.5.RELEASE]
	at org.springframework.jdbc.datasource.DataSourceUtils.doGetConnection(DataSourceUtils.java:115) ~[spring-jdbc-5.0.5.RELEASE.jar!/:5.0.5.RELEASE]
	at org.springframework.jdbc.datasource.DataSourceUtils.getConnection(DataSourceUtils.java:78) ~[spring-jdbc-5.0.5.RELEASE.jar!/:5.0.5.RELEASE]
	... 70 common frames omitted
Caused by: java.lang.IllegalStateException: The file is locked: nio:/tmp/data/db.mv.db [1.4.197/7]
	at org.h2.mvstore.DataUtils.newIllegalStateException(DataUtils.java:870) ~[h2-1.4.197.jar!/:na]
	at org.h2.mvstore.FileStore.open(FileStore.java:173) ~[h2-1.4.197.jar!/:na]
	at org.h2.mvstore.MVStore.<init>(MVStore.java:350) ~[h2-1.4.197.jar!/:na]
	at org.h2.mvstore.MVStore$Builder.open(MVStore.java:2934) ~[h2-1.4.197.jar!/:na]
	at org.h2.mvstore.db.MVTableEngine$Store.open(MVTableEngine.java:155) ~[h2-1.4.197.jar!/:na]
	... 95 common frames omitted

2020-11-10 15:07:29.966  INFO 14584 --- [main] j.LocalContainerEntityManagerFactoryBean : Building JPA container EntityManagerFactory for persistence unit 'default'
2020-11-10 15:07:30.006  INFO 14584 --- [main] o.hibernate.jpa.internal.util.LogHelper  : HHH000204: Processing PersistenceUnitInfo [
	name: default
	...]
2020-11-10 15:07:30.244  INFO 14584 --- [main] org.hibernate.Version                    : HHH000412: Hibernate Core {5.2.16.Final}
2020-11-10 15:07:30.247  INFO 14584 --- [main] org.hibernate.cfg.Environment            : HHH000206: hibernate.properties not found
2020-11-10 15:07:30.325  INFO 14584 --- [main] o.hibernate.annotations.common.Version   : HCANN000001: Hibernate Commons Annotations {5.0.1.Final}
2020-11-10 15:07:30.628  INFO 14584 --- [main] com.zaxxer.hikari.HikariDataSource       : HikariPool-1 - Starting...
2020-11-10 15:07:31.634 ERROR 14584 --- [main] com.zaxxer.hikari.pool.HikariPool        : HikariPool-1 - Exception during pool initialization.

org.h2.jdbc.JdbcSQLException: Database may be already in use: null. Possible solutions: close all other connection(s); use the server mode [90020-197]
	at org.h2.message.DbException.getJdbcSQLException(DbException.java:357) ~[h2-1.4.197.jar!/:na]
	at org.h2.message.DbException.get(DbException.java:168) ~[h2-1.4.197.jar!/:na]
	at org.h2.mvstore.db.MVTableEngine$Store.convertIllegalStateException(MVTableEngine.java:188) ~[h2-1.4.197.jar!/:na]
	at org.h2.mvstore.db.MVTableEngine$Store.open(MVTableEngine.java:168) ~[h2-1.4.197.jar!/:na]
	at org.h2.mvstore.db.MVTableEngine.init(MVTableEngine.java:100) ~[h2-1.4.197.jar!/:na]
	at org.h2.engine.Database.getPageStore(Database.java:2538) ~[h2-1.4.197.jar!/:na]
	at org.h2.engine.Database.open(Database.java:709) ~[h2-1.4.197.jar!/:na]
	at org.h2.engine.Database.openDatabase(Database.java:286) ~[h2-1.4.197.jar!/:na]
	at org.h2.engine.Database.<init>(Database.java:280) ~[h2-1.4.197.jar!/:na]
	at org.h2.engine.Engine.openSession(Engine.java:66) ~[h2-1.4.197.jar!/:na]
	at org.h2.engine.Engine.openSession(Engine.java:179) ~[h2-1.4.197.jar!/:na]
	at org.h2.engine.Engine.createSessionAndValidate(Engine.java:157) ~[h2-1.4.197.jar!/:na]
	at org.h2.engine.Engine.createSession(Engine.java:140) ~[h2-1.4.197.jar!/:na]
	at org.h2.engine.Engine.createSession(Engine.java:28) ~[h2-1.4.197.jar!/:na]
	at org.h2.engine.SessionRemote.connectEmbeddedOrServer(SessionRemote.java:351) ~[h2-1.4.197.jar!/:na]
	at org.h2.jdbc.JdbcConnection.<init>(JdbcConnection.java:124) ~[h2-1.4.197.jar!/:na]
	at org.h2.jdbc.JdbcConnection.<init>(JdbcConnection.java:103) ~[h2-1.4.197.jar!/:na]
	at org.h2.Driver.connect(Driver.java:69) ~[h2-1.4.197.jar!/:na]
	at com.zaxxer.hikari.util.DriverDataSource.getConnection(DriverDataSource.java:117) ~[HikariCP-2.7.8.jar!/:na]
	at com.zaxxer.hikari.util.DriverDataSource.getConnection(DriverDataSource.java:123) ~[HikariCP-2.7.8.jar!/:na]
	at com.zaxxer.hikari.pool.PoolBase.newConnection(PoolBase.java:365) ~[HikariCP-2.7.8.jar!/:na]
	at com.zaxxer.hikari.pool.PoolBase.newPoolEntry(PoolBase.java:194) ~[HikariCP-2.7.8.jar!/:na]
	at com.zaxxer.hikari.pool.HikariPool.createPoolEntry(HikariPool.java:460) [HikariCP-2.7.8.jar!/:na]
	at com.zaxxer.hikari.pool.HikariPool.checkFailFast(HikariPool.java:534) [HikariCP-2.7.8.jar!/:na]
	at com.zaxxer.hikari.pool.HikariPool.<init>(HikariPool.java:115) [HikariCP-2.7.8.jar!/:na]
	at com.zaxxer.hikari.HikariDataSource.getConnection(HikariDataSource.java:112) [HikariCP-2.7.8.jar!/:na]
	at org.hibernate.engine.jdbc.connections.internal.DatasourceConnectionProviderImpl.getConnection(DatasourceConnectionProviderImpl.java:122) [hibernate-core-5.2.16.Final.jar!/:5.2.16.Final]
	at org.hibernate.engine.jdbc.env.internal.JdbcEnvironmentInitiator$ConnectionProviderJdbcConnectionAccess.obtainConnection(JdbcEnvironmentInitiator.java:180) [hibernate-core-5.2.16.Final.jar!/:5.2.16.Final]
	at org.hibernate.engine.jdbc.env.internal.JdbcEnvironmentInitiator.initiateService(JdbcEnvironmentInitiator.java:68) [hibernate-core-5.2.16.Final.jar!/:5.2.16.Final]
	at org.hibernate.engine.jdbc.env.internal.JdbcEnvironmentInitiator.initiateService(JdbcEnvironmentInitiator.java:35) [hibernate-core-5.2.16.Final.jar!/:5.2.16.Final]
	at org.hibernate.boot.registry.internal.StandardServiceRegistryImpl.initiateService(StandardServiceRegistryImpl.java:88) [hibernate-core-5.2.16.Final.jar!/:5.2.16.Final]
	at org.hibernate.service.internal.AbstractServiceRegistryImpl.createService(AbstractServiceRegistryImpl.java:259) [hibernate-core-5.2.16.Final.jar!/:5.2.16.Final]
	at org.hibernate.service.internal.AbstractServiceRegistryImpl.initializeService(AbstractServiceRegistryImpl.java:233) [hibernate-core-5.2.16.Final.jar!/:5.2.16.Final]
	at org.hibernate.service.internal.AbstractServiceRegistryImpl.getService(AbstractServiceRegistryImpl.java:210) [hibernate-core-5.2.16.Final.jar!/:5.2.16.Final]
	at org.hibernate.engine.jdbc.internal.JdbcServicesImpl.configure(JdbcServicesImpl.java:51) [hibernate-core-5.2.16.Final.jar!/:5.2.16.Final]
	at org.hibernate.boot.registry.internal.StandardServiceRegistryImpl.configureService(StandardServiceRegistryImpl.java:94) [hibernate-core-5.2.16.Final.jar!/:5.2.16.Final]
	at org.hibernate.service.internal.AbstractServiceRegistryImpl.initializeService(AbstractServiceRegistryImpl.java:242) [hibernate-core-5.2.16.Final.jar!/:5.2.16.Final]
	at org.hibernate.service.internal.AbstractServiceRegistryImpl.getService(AbstractServiceRegistryImpl.java:210) [hibernate-core-5.2.16.Final.jar!/:5.2.16.Final]
	at org.hibernate.boot.model.process.spi.MetadataBuildingProcess.handleTypes(MetadataBuildingProcess.java:352) [hibernate-core-5.2.16.Final.jar!/:5.2.16.Final]
	at org.hibernate.boot.model.process.spi.MetadataBuildingProcess.complete(MetadataBuildingProcess.java:111) [hibernate-core-5.2.16.Final.jar!/:5.2.16.Final]
	at org.hibernate.jpa.boot.internal.EntityManagerFactoryBuilderImpl.metadata(EntityManagerFactoryBuilderImpl.java:861) [hibernate-core-5.2.16.Final.jar!/:5.2.16.Final]
	at org.hibernate.jpa.boot.internal.EntityManagerFactoryBuilderImpl.build(EntityManagerFactoryBuilderImpl.java:888) [hibernate-core-5.2.16.Final.jar!/:5.2.16.Final]
	at org.springframework.orm.jpa.vendor.SpringHibernateJpaPersistenceProvider.createContainerEntityManagerFactory(SpringHibernateJpaPersistenceProvider.java:57) [spring-orm-5.0.5.RELEASE.jar!/:5.0.5.RELEASE]
	at org.springframework.orm.jpa.LocalContainerEntityManagerFactoryBean.createNativeEntityManagerFactory(LocalContainerEntityManagerFactoryBean.java:365) [spring-orm-5.0.5.RELEASE.jar!/:5.0.5.RELEASE]
	at org.springframework.orm.jpa.AbstractEntityManagerFactoryBean.buildNativeEntityManagerFactory(AbstractEntityManagerFactoryBean.java:390) [spring-orm-5.0.5.RELEASE.jar!/:5.0.5.RELEASE]
	at org.springframework.orm.jpa.AbstractEntityManagerFactoryBean.afterPropertiesSet(AbstractEntityManagerFactoryBean.java:377) [spring-orm-5.0.5.RELEASE.jar!/:5.0.5.RELEASE]
	at org.springframework.orm.jpa.LocalContainerEntityManagerFactoryBean.afterPropertiesSet(LocalContainerEntityManagerFactoryBean.java:341) [spring-orm-5.0.5.RELEASE.jar!/:5.0.5.RELEASE]
	at org.springframework.beans.factory.support.AbstractAutowireCapableBeanFactory.invokeInitMethods(AbstractAutowireCapableBeanFactory.java:1761) [spring-beans-5.0.5.RELEASE.jar!/:5.0.5.RELEASE]
	at org.springframework.beans.factory.support.AbstractAutowireCapableBeanFactory.initializeBean(AbstractAutowireCapableBeanFactory.java:1698) [spring-beans-5.0.5.RELEASE.jar!/:5.0.5.RELEASE]
	at org.springframework.beans.factory.support.AbstractAutowireCapableBeanFactory.doCreateBean(AbstractAutowireCapableBeanFactory.java:579) [spring-beans-5.0.5.RELEASE.jar!/:5.0.5.RELEASE]
	at org.springframework.beans.factory.support.AbstractAutowireCapableBeanFactory.createBean(AbstractAutowireCapableBeanFactory.java:501) [spring-beans-5.0.5.RELEASE.jar!/:5.0.5.RELEASE]
	at org.springframework.beans.factory.support.AbstractBeanFactory.lambda$doGetBean$0(AbstractBeanFactory.java:317) [spring-beans-5.0.5.RELEASE.jar!/:5.0.5.RELEASE]
	at org.springframework.beans.factory.support.DefaultSingletonBeanRegistry.getSingleton(DefaultSingletonBeanRegistry.java:228) ~[spring-beans-5.0.5.RELEASE.jar!/:5.0.5.RELEASE]
	at org.springframework.beans.factory.support.AbstractBeanFactory.doGetBean(AbstractBeanFactory.java:315) [spring-beans-5.0.5.RELEASE.jar!/:5.0.5.RELEASE]
	at org.springframework.beans.factory.support.AbstractBeanFactory.getBean(AbstractBeanFactory.java:199) [spring-beans-5.0.5.RELEASE.jar!/:5.0.5.RELEASE]
	at org.springframework.context.support.AbstractApplicationContext.getBean(AbstractApplicationContext.java:1089) ~[spring-context-5.0.5.RELEASE.jar!/:5.0.5.RELEASE]
	at org.springframework.context.support.AbstractApplicationContext.finishBeanFactoryInitialization(AbstractApplicationContext.java:859) ~[spring-context-5.0.5.RELEASE.jar!/:5.0.5.RELEASE]
	at org.springframework.context.support.AbstractApplicationContext.refresh(AbstractApplicationContext.java:550) ~[spring-context-5.0.5.RELEASE.jar!/:5.0.5.RELEASE]
	at org.springframework.boot.web.servlet.context.ServletWebServerApplicationContext.refresh(ServletWebServerApplicationContext.java:140) ~[spring-boot-2.0.1.RELEASE.jar!/:2.0.1.RELEASE]
	at org.springframework.boot.SpringApplication.refresh(SpringApplication.java:759) ~[spring-boot-2.0.1.RELEASE.jar!/:2.0.1.RELEASE]
	at org.springframework.boot.SpringApplication.refreshContext(SpringApplication.java:395) ~[spring-boot-2.0.1.RELEASE.jar!/:2.0.1.RELEASE]
	at org.springframework.boot.SpringApplication.run(SpringApplication.java:327) ~[spring-boot-2.0.1.RELEASE.jar!/:2.0.1.RELEASE]
	at org.springframework.boot.SpringApplication.run(SpringApplication.java:1255) ~[spring-boot-2.0.1.RELEASE.jar!/:2.0.1.RELEASE]
	at org.springframework.boot.SpringApplication.run(SpringApplication.java:1243) ~[spring-boot-2.0.1.RELEASE.jar!/:2.0.1.RELEASE]
	at com.insightlake.edp.api.user.Application.main(Application.java:25) ~[classes!/:0.0.1-SNAPSHOT]
	at sun.reflect.NativeMethodAccessorImpl.invoke0(Native Method) ~[na:1.8.0_231]
	at sun.reflect.NativeMethodAccessorImpl.invoke(NativeMethodAccessorImpl.java:62) ~[na:1.8.0_231]
	at sun.reflect.DelegatingMethodAccessorImpl.invoke(DelegatingMethodAccessorImpl.java:43) ~[na:1.8.0_231]
	at java.lang.reflect.Method.invoke(Method.java:498) ~[na:1.8.0_231]
	at org.springframework.boot.loader.MainMethodRunner.run(MainMethodRunner.java:48) ~[edp-api-user-0.0.1-SNAPSHOT.jar:0.0.1-SNAPSHOT]
	at org.springframework.boot.loader.Launcher.launch(Launcher.java:87) ~[edp-api-user-0.0.1-SNAPSHOT.jar:0.0.1-SNAPSHOT]
	at org.springframework.boot.loader.Launcher.launch(Launcher.java:50) ~[edp-api-user-0.0.1-SNAPSHOT.jar:0.0.1-SNAPSHOT]
	at org.springframework.boot.loader.JarLauncher.main(JarLauncher.java:51) ~[edp-api-user-0.0.1-SNAPSHOT.jar:0.0.1-SNAPSHOT]
Caused by: java.lang.IllegalStateException: The file is locked: nio:/tmp/data/db.mv.db [1.4.197/7]
	at org.h2.mvstore.DataUtils.newIllegalStateException(DataUtils.java:870) ~[h2-1.4.197.jar!/:na]
	at org.h2.mvstore.FileStore.open(FileStore.java:173) ~[h2-1.4.197.jar!/:na]
	at org.h2.mvstore.MVStore.<init>(MVStore.java:350) ~[h2-1.4.197.jar!/:na]
	at org.h2.mvstore.MVStore$Builder.open(MVStore.java:2934) ~[h2-1.4.197.jar!/:na]
	at org.h2.mvstore.db.MVTableEngine$Store.open(MVTableEngine.java:155) ~[h2-1.4.197.jar!/:na]
	... 69 common frames omitted

2020-11-10 15:07:31.635  WARN 14584 --- [main] o.h.e.j.e.i.JdbcEnvironmentInitiator     : HHH000342: Could not obtain connection to query metadata : Database may be already in use: null. Possible solutions: close all other connection(s); use the server mode [90020-197]
2020-11-10 15:07:31.676  INFO 14584 --- [main] org.hibernate.dialect.Dialect            : HHH000400: Using dialect: org.hibernate.dialect.H2Dialect
2020-11-10 15:07:31.761  INFO 14584 --- [main] o.h.e.j.e.i.LobCreatorBuilderImpl        : HHH000422: Disabling contextual LOB creation as connection was null
2020-11-10 15:07:34.059  INFO 14584 --- [main] com.zaxxer.hikari.HikariDataSource       : HikariPool-1 - Starting...
2020-11-10 15:07:35.087 ERROR 14584 --- [main] com.zaxxer.hikari.pool.HikariPool        : HikariPool-1 - Exception during pool initialization.

org.h2.jdbc.JdbcSQLException: Database may be already in use: null. Possible solutions: close all other connection(s); use the server mode [90020-197]
	at org.h2.message.DbException.getJdbcSQLException(DbException.java:357) ~[h2-1.4.197.jar!/:na]
	at org.h2.message.DbException.get(DbException.java:168) ~[h2-1.4.197.jar!/:na]
	at org.h2.mvstore.db.MVTableEngine$Store.convertIllegalStateException(MVTableEngine.java:188) ~[h2-1.4.197.jar!/:na]
	at org.h2.mvstore.db.MVTableEngine$Store.open(MVTableEngine.java:168) ~[h2-1.4.197.jar!/:na]
	at org.h2.mvstore.db.MVTableEngine.init(MVTableEngine.java:100) ~[h2-1.4.197.jar!/:na]
	at org.h2.engine.Database.getPageStore(Database.java:2538) ~[h2-1.4.197.jar!/:na]
	at org.h2.engine.Database.open(Database.java:709) ~[h2-1.4.197.jar!/:na]
	at org.h2.engine.Database.openDatabase(Database.java:286) ~[h2-1.4.197.jar!/:na]
	at org.h2.engine.Database.<init>(Database.java:280) ~[h2-1.4.197.jar!/:na]
	at org.h2.engine.Engine.openSession(Engine.java:66) ~[h2-1.4.197.jar!/:na]
	at org.h2.engine.Engine.openSession(Engine.java:179) ~[h2-1.4.197.jar!/:na]
	at org.h2.engine.Engine.createSessionAndValidate(Engine.java:157) ~[h2-1.4.197.jar!/:na]
	at org.h2.engine.Engine.createSession(Engine.java:140) ~[h2-1.4.197.jar!/:na]
	at org.h2.engine.Engine.createSession(Engine.java:28) ~[h2-1.4.197.jar!/:na]
	at org.h2.engine.SessionRemote.connectEmbeddedOrServer(SessionRemote.java:351) ~[h2-1.4.197.jar!/:na]
	at org.h2.jdbc.JdbcConnection.<init>(JdbcConnection.java:124) ~[h2-1.4.197.jar!/:na]
	at org.h2.jdbc.JdbcConnection.<init>(JdbcConnection.java:103) ~[h2-1.4.197.jar!/:na]
	at org.h2.Driver.connect(Driver.java:69) ~[h2-1.4.197.jar!/:na]
	at com.zaxxer.hikari.util.DriverDataSource.getConnection(DriverDataSource.java:117) ~[HikariCP-2.7.8.jar!/:na]
	at com.zaxxer.hikari.util.DriverDataSource.getConnection(DriverDataSource.java:123) ~[HikariCP-2.7.8.jar!/:na]
	at com.zaxxer.hikari.pool.PoolBase.newConnection(PoolBase.java:365) ~[HikariCP-2.7.8.jar!/:na]
	at com.zaxxer.hikari.pool.PoolBase.newPoolEntry(PoolBase.java:194) ~[HikariCP-2.7.8.jar!/:na]
	at com.zaxxer.hikari.pool.HikariPool.createPoolEntry(HikariPool.java:460) [HikariCP-2.7.8.jar!/:na]
	at com.zaxxer.hikari.pool.HikariPool.checkFailFast(HikariPool.java:534) [HikariCP-2.7.8.jar!/:na]
	at com.zaxxer.hikari.pool.HikariPool.<init>(HikariPool.java:115) [HikariCP-2.7.8.jar!/:na]
	at com.zaxxer.hikari.HikariDataSource.getConnection(HikariDataSource.java:112) [HikariCP-2.7.8.jar!/:na]
	at org.hibernate.engine.jdbc.connections.internal.DatasourceConnectionProviderImpl.getConnection(DatasourceConnectionProviderImpl.java:122) [hibernate-core-5.2.16.Final.jar!/:5.2.16.Final]
	at org.hibernate.engine.jdbc.env.internal.JdbcEnvironmentInitiator$ConnectionProviderJdbcConnectionAccess.obtainConnection(JdbcEnvironmentInitiator.java:180) [hibernate-core-5.2.16.Final.jar!/:5.2.16.Final]
	at org.hibernate.resource.transaction.backend.jdbc.internal.DdlTransactionIsolatorNonJtaImpl.getIsolatedConnection(DdlTransactionIsolatorNonJtaImpl.java:43) [hibernate-core-5.2.16.Final.jar!/:5.2.16.Final]
	at org.hibernate.tool.schema.internal.exec.GenerationTargetToDatabase.jdbcStatement(GenerationTargetToDatabase.java:77) [hibernate-core-5.2.16.Final.jar!/:5.2.16.Final]
	at org.hibernate.tool.schema.internal.exec.GenerationTargetToDatabase.accept(GenerationTargetToDatabase.java:53) [hibernate-core-5.2.16.Final.jar!/:5.2.16.Final]
	at org.hibernate.tool.schema.internal.SchemaDropperImpl.applySqlString(SchemaDropperImpl.java:375) [hibernate-core-5.2.16.Final.jar!/:5.2.16.Final]
	at org.hibernate.tool.schema.internal.SchemaDropperImpl.applySqlStrings(SchemaDropperImpl.java:359) [hibernate-core-5.2.16.Final.jar!/:5.2.16.Final]
	at org.hibernate.tool.schema.internal.SchemaDropperImpl.dropFromMetadata(SchemaDropperImpl.java:241) [hibernate-core-5.2.16.Final.jar!/:5.2.16.Final]
	at org.hibernate.tool.schema.internal.SchemaDropperImpl.performDrop(SchemaDropperImpl.java:154) [hibernate-core-5.2.16.Final.jar!/:5.2.16.Final]
	at org.hibernate.tool.schema.internal.SchemaDropperImpl.doDrop(SchemaDropperImpl.java:126) [hibernate-core-5.2.16.Final.jar!/:5.2.16.Final]
	at org.hibernate.tool.schema.internal.SchemaDropperImpl.doDrop(SchemaDropperImpl.java:112) [hibernate-core-5.2.16.Final.jar!/:5.2.16.Final]
	at org.hibernate.tool.schema.spi.SchemaManagementToolCoordinator.performDatabaseAction(SchemaManagementToolCoordinator.java:144) [hibernate-core-5.2.16.Final.jar!/:5.2.16.Final]
	at org.hibernate.tool.schema.spi.SchemaManagementToolCoordinator.process(SchemaManagementToolCoordinator.java:72) [hibernate-core-5.2.16.Final.jar!/:5.2.16.Final]
	at org.hibernate.internal.SessionFactoryImpl.<init>(SessionFactoryImpl.java:312) [hibernate-core-5.2.16.Final.jar!/:5.2.16.Final]
	at org.hibernate.boot.internal.SessionFactoryBuilderImpl.build(SessionFactoryBuilderImpl.java:460) [hibernate-core-5.2.16.Final.jar!/:5.2.16.Final]
	at org.hibernate.jpa.boot.internal.EntityManagerFactoryBuilderImpl.build(EntityManagerFactoryBuilderImpl.java:892) [hibernate-core-5.2.16.Final.jar!/:5.2.16.Final]
	at org.springframework.orm.jpa.vendor.SpringHibernateJpaPersistenceProvider.createContainerEntityManagerFactory(SpringHibernateJpaPersistenceProvider.java:57) [spring-orm-5.0.5.RELEASE.jar!/:5.0.5.RELEASE]
	at org.springframework.orm.jpa.LocalContainerEntityManagerFactoryBean.createNativeEntityManagerFactory(LocalContainerEntityManagerFactoryBean.java:365) [spring-orm-5.0.5.RELEASE.jar!/:5.0.5.RELEASE]
	at org.springframework.orm.jpa.AbstractEntityManagerFactoryBean.buildNativeEntityManagerFactory(AbstractEntityManagerFactoryBean.java:390) [spring-orm-5.0.5.RELEASE.jar!/:5.0.5.RELEASE]
	at org.springframework.orm.jpa.AbstractEntityManagerFactoryBean.afterPropertiesSet(AbstractEntityManagerFactoryBean.java:377) [spring-orm-5.0.5.RELEASE.jar!/:5.0.5.RELEASE]
	at org.springframework.orm.jpa.LocalContainerEntityManagerFactoryBean.afterPropertiesSet(LocalContainerEntityManagerFactoryBean.java:341) [spring-orm-5.0.5.RELEASE.jar!/:5.0.5.RELEASE]
	at org.springframework.beans.factory.support.AbstractAutowireCapableBeanFactory.invokeInitMethods(AbstractAutowireCapableBeanFactory.java:1761) [spring-beans-5.0.5.RELEASE.jar!/:5.0.5.RELEASE]
	at org.springframework.beans.factory.support.AbstractAutowireCapableBeanFactory.initializeBean(AbstractAutowireCapableBeanFactory.java:1698) [spring-beans-5.0.5.RELEASE.jar!/:5.0.5.RELEASE]
	at org.springframework.beans.factory.support.AbstractAutowireCapableBeanFactory.doCreateBean(AbstractAutowireCapableBeanFactory.java:579) [spring-beans-5.0.5.RELEASE.jar!/:5.0.5.RELEASE]
	at org.springframework.beans.factory.support.AbstractAutowireCapableBeanFactory.createBean(AbstractAutowireCapableBeanFactory.java:501) [spring-beans-5.0.5.RELEASE.jar!/:5.0.5.RELEASE]
	at org.springframework.beans.factory.support.AbstractBeanFactory.lambda$doGetBean$0(AbstractBeanFactory.java:317) [spring-beans-5.0.5.RELEASE.jar!/:5.0.5.RELEASE]
	at org.springframework.beans.factory.support.DefaultSingletonBeanRegistry.getSingleton(DefaultSingletonBeanRegistry.java:228) ~[spring-beans-5.0.5.RELEASE.jar!/:5.0.5.RELEASE]
	at org.springframework.beans.factory.support.AbstractBeanFactory.doGetBean(AbstractBeanFactory.java:315) [spring-beans-5.0.5.RELEASE.jar!/:5.0.5.RELEASE]
	at org.springframework.beans.factory.support.AbstractBeanFactory.getBean(AbstractBeanFactory.java:199) [spring-beans-5.0.5.RELEASE.jar!/:5.0.5.RELEASE]
	at org.springframework.context.support.AbstractApplicationContext.getBean(AbstractApplicationContext.java:1089) ~[spring-context-5.0.5.RELEASE.jar!/:5.0.5.RELEASE]
	at org.springframework.context.support.AbstractApplicationContext.finishBeanFactoryInitialization(AbstractApplicationContext.java:859) ~[spring-context-5.0.5.RELEASE.jar!/:5.0.5.RELEASE]
	at org.springframework.context.support.AbstractApplicationContext.refresh(AbstractApplicationContext.java:550) ~[spring-context-5.0.5.RELEASE.jar!/:5.0.5.RELEASE]
	at org.springframework.boot.web.servlet.context.ServletWebServerApplicationContext.refresh(ServletWebServerApplicationContext.java:140) ~[spring-boot-2.0.1.RELEASE.jar!/:2.0.1.RELEASE]
	at org.springframework.boot.SpringApplication.refresh(SpringApplication.java:759) ~[spring-boot-2.0.1.RELEASE.jar!/:2.0.1.RELEASE]
	at org.springframework.boot.SpringApplication.refreshContext(SpringApplication.java:395) ~[spring-boot-2.0.1.RELEASE.jar!/:2.0.1.RELEASE]
	at org.springframework.boot.SpringApplication.run(SpringApplication.java:327) ~[spring-boot-2.0.1.RELEASE.jar!/:2.0.1.RELEASE]
	at org.springframework.boot.SpringApplication.run(SpringApplication.java:1255) ~[spring-boot-2.0.1.RELEASE.jar!/:2.0.1.RELEASE]
	at org.springframework.boot.SpringApplication.run(SpringApplication.java:1243) ~[spring-boot-2.0.1.RELEASE.jar!/:2.0.1.RELEASE]
	at com.insightlake.edp.api.user.Application.main(Application.java:25) ~[classes!/:0.0.1-SNAPSHOT]
	at sun.reflect.NativeMethodAccessorImpl.invoke0(Native Method) ~[na:1.8.0_231]
	at sun.reflect.NativeMethodAccessorImpl.invoke(NativeMethodAccessorImpl.java:62) ~[na:1.8.0_231]
	at sun.reflect.DelegatingMethodAccessorImpl.invoke(DelegatingMethodAccessorImpl.java:43) ~[na:1.8.0_231]
	at java.lang.reflect.Method.invoke(Method.java:498) ~[na:1.8.0_231]
	at org.springframework.boot.loader.MainMethodRunner.run(MainMethodRunner.java:48) ~[edp-api-user-0.0.1-SNAPSHOT.jar:0.0.1-SNAPSHOT]
	at org.springframework.boot.loader.Launcher.launch(Launcher.java:87) ~[edp-api-user-0.0.1-SNAPSHOT.jar:0.0.1-SNAPSHOT]
	at org.springframework.boot.loader.Launcher.launch(Launcher.java:50) ~[edp-api-user-0.0.1-SNAPSHOT.jar:0.0.1-SNAPSHOT]
	at org.springframework.boot.loader.JarLauncher.main(JarLauncher.java:51) ~[edp-api-user-0.0.1-SNAPSHOT.jar:0.0.1-SNAPSHOT]
Caused by: java.lang.IllegalStateException: The file is locked: nio:/tmp/data/db.mv.db [1.4.197/7]
	at org.h2.mvstore.DataUtils.newIllegalStateException(DataUtils.java:870) ~[h2-1.4.197.jar!/:na]
	at org.h2.mvstore.FileStore.open(FileStore.java:173) ~[h2-1.4.197.jar!/:na]
	at org.h2.mvstore.MVStore.<init>(MVStore.java:350) ~[h2-1.4.197.jar!/:na]
	at org.h2.mvstore.MVStore$Builder.open(MVStore.java:2934) ~[h2-1.4.197.jar!/:na]
	at org.h2.mvstore.db.MVTableEngine$Store.open(MVTableEngine.java:155) ~[h2-1.4.197.jar!/:na]
	... 69 common frames omitted

2020-11-10 15:07:35.088  WARN 14584 --- [main] o.h.engine.jdbc.spi.SqlExceptionHelper   : SQL Error: 90020, SQLState: 90020
2020-11-10 15:07:35.089 ERROR 14584 --- [main] o.h.engine.jdbc.spi.SqlExceptionHelper   : Database may be already in use: null. Possible solutions: close all other connection(s); use the server mode [90020-197]
2020-11-10 15:07:35.092  WARN 14584 --- [main] ConfigServletWebServerApplicationContext : Exception encountered during context initialization - cancelling refresh attempt: org.springframework.beans.factory.BeanCreationException: Error creating bean with name 'entityManagerFactory' defined in class path resource [org/springframework/boot/autoconfigure/orm/jpa/HibernateJpaConfiguration.class]: Invocation of init method failed; nested exception is javax.persistence.PersistenceException: [PersistenceUnit: default] Unable to build Hibernate SessionFactory; nested exception is org.hibernate.exception.GenericJDBCException: Unable to open JDBC Connection for DDL execution
2020-11-10 15:07:35.105  INFO 14584 --- [main] o.apache.catalina.core.StandardService   : Stopping service [Tomcat]
2020-11-10 15:07:35.264  INFO 14584 --- [main] ConditionEvaluationReportLoggingListener : 

Error starting ApplicationContext. To display the conditions report re-run your application with 'debug' enabled.
2020-11-10 15:07:35.274 ERROR 14584 --- [main] o.s.boot.SpringApplication               : Application run failed

org.springframework.beans.factory.BeanCreationException: Error creating bean with name 'entityManagerFactory' defined in class path resource [org/springframework/boot/autoconfigure/orm/jpa/HibernateJpaConfiguration.class]: Invocation of init method failed; nested exception is javax.persistence.PersistenceException: [PersistenceUnit: default] Unable to build Hibernate SessionFactory; nested exception is org.hibernate.exception.GenericJDBCException: Unable to open JDBC Connection for DDL execution
	at org.springframework.beans.factory.support.AbstractAutowireCapableBeanFactory.initializeBean(AbstractAutowireCapableBeanFactory.java:1702) ~[spring-beans-5.0.5.RELEASE.jar!/:5.0.5.RELEASE]
	at org.springframework.beans.factory.support.AbstractAutowireCapableBeanFactory.doCreateBean(AbstractAutowireCapableBeanFactory.java:579) ~[spring-beans-5.0.5.RELEASE.jar!/:5.0.5.RELEASE]
	at org.springframework.beans.factory.support.AbstractAutowireCapableBeanFactory.createBean(AbstractAutowireCapableBeanFactory.java:501) ~[spring-beans-5.0.5.RELEASE.jar!/:5.0.5.RELEASE]
	at org.springframework.beans.factory.support.AbstractBeanFactory.lambda$doGetBean$0(AbstractBeanFactory.java:317) ~[spring-beans-5.0.5.RELEASE.jar!/:5.0.5.RELEASE]
	at org.springframework.beans.factory.support.DefaultSingletonBeanRegistry.getSingleton(DefaultSingletonBeanRegistry.java:228) ~[spring-beans-5.0.5.RELEASE.jar!/:5.0.5.RELEASE]
	at org.springframework.beans.factory.support.AbstractBeanFactory.doGetBean(AbstractBeanFactory.java:315) ~[spring-beans-5.0.5.RELEASE.jar!/:5.0.5.RELEASE]
	at org.springframework.beans.factory.support.AbstractBeanFactory.getBean(AbstractBeanFactory.java:199) ~[spring-beans-5.0.5.RELEASE.jar!/:5.0.5.RELEASE]
	at org.springframework.context.support.AbstractApplicationContext.getBean(AbstractApplicationContext.java:1089) ~[spring-context-5.0.5.RELEASE.jar!/:5.0.5.RELEASE]
	at org.springframework.context.support.AbstractApplicationContext.finishBeanFactoryInitialization(AbstractApplicationContext.java:859) ~[spring-context-5.0.5.RELEASE.jar!/:5.0.5.RELEASE]
	at org.springframework.context.support.AbstractApplicationContext.refresh(AbstractApplicationContext.java:550) ~[spring-context-5.0.5.RELEASE.jar!/:5.0.5.RELEASE]
	at org.springframework.boot.web.servlet.context.ServletWebServerApplicationContext.refresh(ServletWebServerApplicationContext.java:140) ~[spring-boot-2.0.1.RELEASE.jar!/:2.0.1.RELEASE]
	at org.springframework.boot.SpringApplication.refresh(SpringApplication.java:759) [spring-boot-2.0.1.RELEASE.jar!/:2.0.1.RELEASE]
	at org.springframework.boot.SpringApplication.refreshContext(SpringApplication.java:395) [spring-boot-2.0.1.RELEASE.jar!/:2.0.1.RELEASE]
	at org.springframework.boot.SpringApplication.run(SpringApplication.java:327) [spring-boot-2.0.1.RELEASE.jar!/:2.0.1.RELEASE]
	at org.springframework.boot.SpringApplication.run(SpringApplication.java:1255) [spring-boot-2.0.1.RELEASE.jar!/:2.0.1.RELEASE]
	at org.springframework.boot.SpringApplication.run(SpringApplication.java:1243) [spring-boot-2.0.1.RELEASE.jar!/:2.0.1.RELEASE]
	at com.insightlake.edp.api.user.Application.main(Application.java:25) [classes!/:0.0.1-SNAPSHOT]
	at sun.reflect.NativeMethodAccessorImpl.invoke0(Native Method) ~[na:1.8.0_231]
	at sun.reflect.NativeMethodAccessorImpl.invoke(NativeMethodAccessorImpl.java:62) ~[na:1.8.0_231]
	at sun.reflect.DelegatingMethodAccessorImpl.invoke(DelegatingMethodAccessorImpl.java:43) ~[na:1.8.0_231]
	at java.lang.reflect.Method.invoke(Method.java:498) ~[na:1.8.0_231]
	at org.springframework.boot.loader.MainMethodRunner.run(MainMethodRunner.java:48) [edp-api-user-0.0.1-SNAPSHOT.jar:0.0.1-SNAPSHOT]
	at org.springframework.boot.loader.Launcher.launch(Launcher.java:87) [edp-api-user-0.0.1-SNAPSHOT.jar:0.0.1-SNAPSHOT]
	at org.springframework.boot.loader.Launcher.launch(Launcher.java:50) [edp-api-user-0.0.1-SNAPSHOT.jar:0.0.1-SNAPSHOT]
	at org.springframework.boot.loader.JarLauncher.main(JarLauncher.java:51) [edp-api-user-0.0.1-SNAPSHOT.jar:0.0.1-SNAPSHOT]
Caused by: javax.persistence.PersistenceException: [PersistenceUnit: default] Unable to build Hibernate SessionFactory; nested exception is org.hibernate.exception.GenericJDBCException: Unable to open JDBC Connection for DDL execution
	at org.springframework.orm.jpa.AbstractEntityManagerFactoryBean.buildNativeEntityManagerFactory(AbstractEntityManagerFactoryBean.java:402) ~[spring-orm-5.0.5.RELEASE.jar!/:5.0.5.RELEASE]
	at org.springframework.orm.jpa.AbstractEntityManagerFactoryBean.afterPropertiesSet(AbstractEntityManagerFactoryBean.java:377) ~[spring-orm-5.0.5.RELEASE.jar!/:5.0.5.RELEASE]
	at org.springframework.orm.jpa.LocalContainerEntityManagerFactoryBean.afterPropertiesSet(LocalContainerEntityManagerFactoryBean.java:341) ~[spring-orm-5.0.5.RELEASE.jar!/:5.0.5.RELEASE]
	at org.springframework.beans.factory.support.AbstractAutowireCapableBeanFactory.invokeInitMethods(AbstractAutowireCapableBeanFactory.java:1761) ~[spring-beans-5.0.5.RELEASE.jar!/:5.0.5.RELEASE]
	at org.springframework.beans.factory.support.AbstractAutowireCapableBeanFactory.initializeBean(AbstractAutowireCapableBeanFactory.java:1698) ~[spring-beans-5.0.5.RELEASE.jar!/:5.0.5.RELEASE]
	... 24 common frames omitted
Caused by: org.hibernate.exception.GenericJDBCException: Unable to open JDBC Connection for DDL execution
	at org.hibernate.exception.internal.StandardSQLExceptionConverter.convert(StandardSQLExceptionConverter.java:47) ~[hibernate-core-5.2.16.Final.jar!/:5.2.16.Final]
	at org.hibernate.engine.jdbc.spi.SqlExceptionHelper.convert(SqlExceptionHelper.java:111) ~[hibernate-core-5.2.16.Final.jar!/:5.2.16.Final]
	at org.hibernate.engine.jdbc.spi.SqlExceptionHelper.convert(SqlExceptionHelper.java:97) ~[hibernate-core-5.2.16.Final.jar!/:5.2.16.Final]
	at org.hibernate.resource.transaction.backend.jdbc.internal.DdlTransactionIsolatorNonJtaImpl.getIsolatedConnection(DdlTransactionIsolatorNonJtaImpl.java:69) ~[hibernate-core-5.2.16.Final.jar!/:5.2.16.Final]
	at org.hibernate.tool.schema.internal.exec.GenerationTargetToDatabase.jdbcStatement(GenerationTargetToDatabase.java:77) ~[hibernate-core-5.2.16.Final.jar!/:5.2.16.Final]
	at org.hibernate.tool.schema.internal.exec.GenerationTargetToDatabase.accept(GenerationTargetToDatabase.java:53) ~[hibernate-core-5.2.16.Final.jar!/:5.2.16.Final]
	at org.hibernate.tool.schema.internal.SchemaDropperImpl.applySqlString(SchemaDropperImpl.java:375) ~[hibernate-core-5.2.16.Final.jar!/:5.2.16.Final]
	at org.hibernate.tool.schema.internal.SchemaDropperImpl.applySqlStrings(SchemaDropperImpl.java:359) ~[hibernate-core-5.2.16.Final.jar!/:5.2.16.Final]
	at org.hibernate.tool.schema.internal.SchemaDropperImpl.dropFromMetadata(SchemaDropperImpl.java:241) ~[hibernate-core-5.2.16.Final.jar!/:5.2.16.Final]
	at org.hibernate.tool.schema.internal.SchemaDropperImpl.performDrop(SchemaDropperImpl.java:154) ~[hibernate-core-5.2.16.Final.jar!/:5.2.16.Final]
	at org.hibernate.tool.schema.internal.SchemaDropperImpl.doDrop(SchemaDropperImpl.java:126) ~[hibernate-core-5.2.16.Final.jar!/:5.2.16.Final]
	at org.hibernate.tool.schema.internal.SchemaDropperImpl.doDrop(SchemaDropperImpl.java:112) ~[hibernate-core-5.2.16.Final.jar!/:5.2.16.Final]
	at org.hibernate.tool.schema.spi.SchemaManagementToolCoordinator.performDatabaseAction(SchemaManagementToolCoordinator.java:144) ~[hibernate-core-5.2.16.Final.jar!/:5.2.16.Final]
	at org.hibernate.tool.schema.spi.SchemaManagementToolCoordinator.process(SchemaManagementToolCoordinator.java:72) ~[hibernate-core-5.2.16.Final.jar!/:5.2.16.Final]
	at org.hibernate.internal.SessionFactoryImpl.<init>(SessionFactoryImpl.java:312) ~[hibernate-core-5.2.16.Final.jar!/:5.2.16.Final]
	at org.hibernate.boot.internal.SessionFactoryBuilderImpl.build(SessionFactoryBuilderImpl.java:460) ~[hibernate-core-5.2.16.Final.jar!/:5.2.16.Final]
	at org.hibernate.jpa.boot.internal.EntityManagerFactoryBuilderImpl.build(EntityManagerFactoryBuilderImpl.java:892) ~[hibernate-core-5.2.16.Final.jar!/:5.2.16.Final]
	at org.springframework.orm.jpa.vendor.SpringHibernateJpaPersistenceProvider.createContainerEntityManagerFactory(SpringHibernateJpaPersistenceProvider.java:57) ~[spring-orm-5.0.5.RELEASE.jar!/:5.0.5.RELEASE]
	at org.springframework.orm.jpa.LocalContainerEntityManagerFactoryBean.createNativeEntityManagerFactory(LocalContainerEntityManagerFactoryBean.java:365) ~[spring-orm-5.0.5.RELEASE.jar!/:5.0.5.RELEASE]
	at org.springframework.orm.jpa.AbstractEntityManagerFactoryBean.buildNativeEntityManagerFactory(AbstractEntityManagerFactoryBean.java:390) ~[spring-orm-5.0.5.RELEASE.jar!/:5.0.5.RELEASE]
	... 28 common frames omitted
Caused by: org.h2.jdbc.JdbcSQLException: Database may be already in use: null. Possible solutions: close all other connection(s); use the server mode [90020-197]
	at org.h2.message.DbException.getJdbcSQLException(DbException.java:357) ~[h2-1.4.197.jar!/:na]
	at org.h2.message.DbException.get(DbException.java:168) ~[h2-1.4.197.jar!/:na]
	at org.h2.mvstore.db.MVTableEngine$Store.convertIllegalStateException(MVTableEngine.java:188) ~[h2-1.4.197.jar!/:na]
	at org.h2.mvstore.db.MVTableEngine$Store.open(MVTableEngine.java:168) ~[h2-1.4.197.jar!/:na]
	at org.h2.mvstore.db.MVTableEngine.init(MVTableEngine.java:100) ~[h2-1.4.197.jar!/:na]
	at org.h2.engine.Database.getPageStore(Database.java:2538) ~[h2-1.4.197.jar!/:na]
	at org.h2.engine.Database.open(Database.java:709) ~[h2-1.4.197.jar!/:na]
	at org.h2.engine.Database.openDatabase(Database.java:286) ~[h2-1.4.197.jar!/:na]
	at org.h2.engine.Database.<init>(Database.java:280) ~[h2-1.4.197.jar!/:na]
	at org.h2.engine.Engine.openSession(Engine.java:66) ~[h2-1.4.197.jar!/:na]
	at org.h2.engine.Engine.openSession(Engine.java:179) ~[h2-1.4.197.jar!/:na]
	at org.h2.engine.Engine.createSessionAndValidate(Engine.java:157) ~[h2-1.4.197.jar!/:na]
	at org.h2.engine.Engine.createSession(Engine.java:140) ~[h2-1.4.197.jar!/:na]
	at org.h2.engine.Engine.createSession(Engine.java:28) ~[h2-1.4.197.jar!/:na]
	at org.h2.engine.SessionRemote.connectEmbeddedOrServer(SessionRemote.java:351) ~[h2-1.4.197.jar!/:na]
	at org.h2.jdbc.JdbcConnection.<init>(JdbcConnection.java:124) ~[h2-1.4.197.jar!/:na]
	at org.h2.jdbc.JdbcConnection.<init>(JdbcConnection.java:103) ~[h2-1.4.197.jar!/:na]
	at org.h2.Driver.connect(Driver.java:69) ~[h2-1.4.197.jar!/:na]
	at com.zaxxer.hikari.util.DriverDataSource.getConnection(DriverDataSource.java:117) ~[HikariCP-2.7.8.jar!/:na]
	at com.zaxxer.hikari.util.DriverDataSource.getConnection(DriverDataSource.java:123) ~[HikariCP-2.7.8.jar!/:na]
	at com.zaxxer.hikari.pool.PoolBase.newConnection(PoolBase.java:365) ~[HikariCP-2.7.8.jar!/:na]
	at com.zaxxer.hikari.pool.PoolBase.newPoolEntry(PoolBase.java:194) ~[HikariCP-2.7.8.jar!/:na]
	at com.zaxxer.hikari.pool.HikariPool.createPoolEntry(HikariPool.java:460) ~[HikariCP-2.7.8.jar!/:na]
	at com.zaxxer.hikari.pool.HikariPool.checkFailFast(HikariPool.java:534) ~[HikariCP-2.7.8.jar!/:na]
	at com.zaxxer.hikari.pool.HikariPool.<init>(HikariPool.java:115) ~[HikariCP-2.7.8.jar!/:na]
	at com.zaxxer.hikari.HikariDataSource.getConnection(HikariDataSource.java:112) ~[HikariCP-2.7.8.jar!/:na]
	at org.hibernate.engine.jdbc.connections.internal.DatasourceConnectionProviderImpl.getConnection(DatasourceConnectionProviderImpl.java:122) ~[hibernate-core-5.2.16.Final.jar!/:5.2.16.Final]
	at org.hibernate.engine.jdbc.env.internal.JdbcEnvironmentInitiator$ConnectionProviderJdbcConnectionAccess.obtainConnection(JdbcEnvironmentInitiator.java:180) ~[hibernate-core-5.2.16.Final.jar!/:5.2.16.Final]
	at org.hibernate.resource.transaction.backend.jdbc.internal.DdlTransactionIsolatorNonJtaImpl.getIsolatedConnection(DdlTransactionIsolatorNonJtaImpl.java:43) ~[hibernate-core-5.2.16.Final.jar!/:5.2.16.Final]
	... 44 common frames omitted
Caused by: java.lang.IllegalStateException: The file is locked: nio:/tmp/data/db.mv.db [1.4.197/7]
	at org.h2.mvstore.DataUtils.newIllegalStateException(DataUtils.java:870) ~[h2-1.4.197.jar!/:na]
	at org.h2.mvstore.FileStore.open(FileStore.java:173) ~[h2-1.4.197.jar!/:na]
	at org.h2.mvstore.MVStore.<init>(MVStore.java:350) ~[h2-1.4.197.jar!/:na]
	at org.h2.mvstore.MVStore$Builder.open(MVStore.java:2934) ~[h2-1.4.197.jar!/:na]
	at org.h2.mvstore.db.MVTableEngine$Store.open(MVTableEngine.java:155) ~[h2-1.4.197.jar!/:na]
	... 69 common frames omitted

