2020-11-10 15:07:17.237  INFO 14585 --- [main] c.insightlake.edp.api.data.Application   : Starting Application v0.0.1-SNAPSHOT on root with PID 14585 (/home/admin1/Project/docker-edp/MonitorUpDown/libs/edp-api-data-0.0.1-SNAPSHOT.jar started by root in /home/admin1/Project/docker-edp/MonitorUpDown/logs)
2020-11-10 15:07:17.246  INFO 14585 --- [main] c.insightlake.edp.api.data.Application   : No active profile set, falling back to default profiles: default
2020-11-10 15:07:17.538  INFO 14585 --- [main] ConfigServletWebServerApplicationContext : Refreshing org.springframework.boot.web.servlet.context.AnnotationConfigServletWebServerApplicationContext@27ddd392: startup date [Tue Nov 10 15:07:17 IST 2020]; root of context hierarchy
2020-11-10 15:07:25.443  INFO 14585 --- [main] trationDelegate$BeanPostProcessorChecker : Bean 'org.springframework.transaction.annotation.ProxyTransactionManagementConfiguration' of type [org.springframework.transaction.annotation.ProxyTransactionManagementConfiguration$$EnhancerBySpringCGLIB$$275ff207] is not eligible for getting processed by all BeanPostProcessors (for example: not eligible for auto-proxying)
2020-11-10 15:07:26.678  INFO 14585 --- [main] o.s.b.w.embedded.tomcat.TomcatWebServer  : Tomcat initialized with port(s): 8181 (http)
2020-11-10 15:07:26.745  INFO 14585 --- [main] o.apache.catalina.core.StandardService   : Starting service [Tomcat]
2020-11-10 15:07:26.746  INFO 14585 --- [main] org.apache.catalina.core.StandardEngine  : Starting Servlet Engine: Apache Tomcat/8.5.29
2020-11-10 15:07:26.774  INFO 14585 --- [localhost-startStop-1] o.a.catalina.core.AprLifecycleListener   : The APR based Apache Tomcat Native library which allows optimal performance in production environments was not found on the java.library.path: [/usr/java/packages/lib/amd64:/usr/lib64:/lib64:/lib:/usr/lib]
2020-11-10 15:07:26.991  INFO 14585 --- [localhost-startStop-1] o.a.c.c.C.[Tomcat].[localhost].[/]       : Initializing Spring embedded WebApplicationContext
2020-11-10 15:07:26.991  INFO 14585 --- [localhost-startStop-1] o.s.web.context.ContextLoader            : Root WebApplicationContext: initialization completed in 9453 ms
2020-11-10 15:07:27.367  INFO 14585 --- [localhost-startStop-1] o.s.b.w.servlet.FilterRegistrationBean   : Mapping filter: 'characterEncodingFilter' to: [/*]
2020-11-10 15:07:27.368  INFO 14585 --- [localhost-startStop-1] .s.DelegatingFilterProxyRegistrationBean : Mapping filter: 'springSecurityFilterChain' to: [/*]
2020-11-10 15:07:27.369  INFO 14585 --- [localhost-startStop-1] o.s.b.w.servlet.FilterRegistrationBean   : Mapping filter: 'someFilterRegistration' to: [/*]
2020-11-10 15:07:27.370  INFO 14585 --- [localhost-startStop-1] o.s.b.w.servlet.ServletRegistrationBean  : Servlet dispatcherServlet mapped to [/]
2020-11-10 15:07:28.290  INFO 14585 --- [main] com.zaxxer.hikari.HikariDataSource       : HikariPool-1 - Starting...
2020-11-10 15:07:28.916  INFO 14585 --- [main] com.zaxxer.hikari.HikariDataSource       : HikariPool-1 - Start completed.
2020-11-10 15:07:29.041  INFO 14585 --- [main] j.LocalContainerEntityManagerFactoryBean : Building JPA container EntityManagerFactory for persistence unit 'default'
2020-11-10 15:07:29.087  INFO 14585 --- [main] o.hibernate.jpa.internal.util.LogHelper  : HHH000204: Processing PersistenceUnitInfo [
	name: default
	...]
2020-11-10 15:07:29.304  INFO 14585 --- [main] org.hibernate.Version                    : HHH000412: Hibernate Core {5.2.16.Final}
2020-11-10 15:07:29.311  INFO 14585 --- [main] org.hibernate.cfg.Environment            : HHH000206: hibernate.properties not found
2020-11-10 15:07:29.439  INFO 14585 --- [main] o.hibernate.annotations.common.Version   : HCANN000001: Hibernate Commons Annotations {5.0.1.Final}
2020-11-10 15:07:29.957  INFO 14585 --- [main] org.hibernate.dialect.Dialect            : HHH000400: Using dialect: org.hibernate.dialect.H2Dialect
2020-11-10 15:07:31.893  INFO 14585 --- [main] o.h.t.schema.internal.SchemaCreatorImpl  : HHH000476: Executing import script 'org.hibernate.tool.schema.internal.exec.ScriptSourceInputNonExistentImpl@3224a577'
2020-11-10 15:07:31.898  INFO 14585 --- [main] j.LocalContainerEntityManagerFactoryBean : Initialized JPA EntityManagerFactory for persistence unit 'default'
2020-11-10 15:07:32.275  INFO 14585 --- [main] o.s.jdbc.datasource.init.ScriptUtils     : Executing SQL script from URL [jar:file:/home/admin1/Project/docker-edp/MonitorUpDown/libs/edp-api-data-0.0.1-SNAPSHOT.jar!/BOOT-INF/classes!/data.sql]
2020-11-10 15:07:32.288  INFO 14585 --- [main] o.s.jdbc.datasource.init.ScriptUtils     : Executed SQL script from URL [jar:file:/home/admin1/Project/docker-edp/MonitorUpDown/libs/edp-api-data-0.0.1-SNAPSHOT.jar!/BOOT-INF/classes!/data.sql] in 13 ms.
2020-11-10 15:07:34.587  INFO 14585 --- [main] s.w.s.m.m.a.RequestMappingHandlerMapping : Mapped "{[/api/data/format/{id}],methods=[GET],produces=[application/json]}" onto public org.springframework.http.ResponseEntity<com.insightlake.edp.model.data.DataFormat> com.insightlake.edp.api.data.controller.DataFormatController.getActivatorId(long) throws com.insightlake.edp.common.exception.DbException
2020-11-10 15:07:34.595  INFO 14585 --- [main] s.w.s.m.m.a.RequestMappingHandlerMapping : Mapped "{[/api/data/format],methods=[GET],produces=[application/json]}" onto public org.springframework.http.ResponseEntity<java.util.List<com.insightlake.edp.model.data.DataFormat>> com.insightlake.edp.api.data.controller.DataFormatController.getAllEntities() throws com.insightlake.edp.common.exception.DbException
2020-11-10 15:07:34.598  INFO 14585 --- [main] s.w.s.m.m.a.RequestMappingHandlerMapping : Mapped "{[/api/data/format],methods=[POST],consumes=[application/json],produces=[application/json]}" onto public org.springframework.http.ResponseEntity<com.insightlake.edp.model.data.DataFormat> com.insightlake.edp.api.data.controller.DataFormatController.createEntity(com.insightlake.edp.model.data.DataFormat) throws com.insightlake.edp.common.exception.DbException
2020-11-10 15:07:34.599  INFO 14585 --- [main] s.w.s.m.m.a.RequestMappingHandlerMapping : Mapped "{[/api/data/format],methods=[PUT],consumes=[application/json],produces=[application/json]}" onto public org.springframework.http.ResponseEntity<com.insightlake.edp.model.data.DataFormat> com.insightlake.edp.api.data.controller.DataFormatController.updateEntity(com.insightlake.edp.model.data.DataFormat) throws com.insightlake.edp.common.exception.DbException
2020-11-10 15:07:34.599  INFO 14585 --- [main] s.w.s.m.m.a.RequestMappingHandlerMapping : Mapped "{[/api/data/format],methods=[DELETE],consumes=[application/json]}" onto public org.springframework.http.ResponseEntity<java.lang.String> com.insightlake.edp.api.data.controller.DataFormatController.deleteEntity(com.insightlake.edp.model.data.DataFormat) throws com.insightlake.edp.common.exception.DbException
2020-11-10 15:07:34.602  INFO 14585 --- [main] s.w.s.m.m.a.RequestMappingHandlerMapping : Mapped "{[/api/data/location/{id}],methods=[GET],produces=[application/json]}" onto public org.springframework.http.ResponseEntity<com.insightlake.edp.common.model.ResponseWrapper<com.insightlake.edp.model.data.DataLocation>> com.insightlake.edp.api.data.controller.DataLocationController.getActivatorId(long) throws com.insightlake.edp.common.exception.DbException
2020-11-10 15:07:34.603  INFO 14585 --- [main] s.w.s.m.m.a.RequestMappingHandlerMapping : Mapped "{[/api/data/location],methods=[GET],produces=[application/json]}" onto public org.springframework.http.ResponseEntity<com.insightlake.edp.common.model.ResponseWrapper<java.util.List<com.insightlake.edp.model.data.DataLocation>>> com.insightlake.edp.api.data.controller.DataLocationController.getAllEntities() throws com.insightlake.edp.common.exception.DbException
2020-11-10 15:07:34.604  INFO 14585 --- [main] s.w.s.m.m.a.RequestMappingHandlerMapping : Mapped "{[/api/data/location],methods=[POST],consumes=[application/json],produces=[application/json]}" onto public org.springframework.http.ResponseEntity<com.insightlake.edp.common.model.ResponseWrapper<com.insightlake.edp.model.data.DataLocation>> com.insightlake.edp.api.data.controller.DataLocationController.createEntity(com.insightlake.edp.model.data.DataLocation) throws com.insightlake.edp.common.exception.DbException
2020-11-10 15:07:34.605  INFO 14585 --- [main] s.w.s.m.m.a.RequestMappingHandlerMapping : Mapped "{[/api/data/location],methods=[PUT],consumes=[application/json],produces=[application/json]}" onto public org.springframework.http.ResponseEntity<com.insightlake.edp.common.model.ResponseWrapper<com.insightlake.edp.model.data.DataLocation>> com.insightlake.edp.api.data.controller.DataLocationController.updateEntity(com.insightlake.edp.model.data.DataLocation) throws com.insightlake.edp.common.exception.DbException
2020-11-10 15:07:34.606  INFO 14585 --- [main] s.w.s.m.m.a.RequestMappingHandlerMapping : Mapped "{[/api/data/location],methods=[DELETE],consumes=[application/json]}" onto public org.springframework.http.ResponseEntity<com.insightlake.edp.common.model.ResponseWrapper<java.lang.String>> com.insightlake.edp.api.data.controller.DataLocationController.deleteEntity(com.insightlake.edp.model.data.DataLocation) throws com.insightlake.edp.common.exception.DbException
2020-11-10 15:07:34.613  INFO 14585 --- [main] s.w.s.m.m.a.RequestMappingHandlerMapping : Mapped "{[/api/data/store/{id}],methods=[GET],produces=[application/json]}" onto public org.springframework.http.ResponseEntity<com.insightlake.edp.model.data.DataStore> com.insightlake.edp.api.data.controller.DataStoreController.getActivatorId(long) throws com.insightlake.edp.common.exception.DbException
2020-11-10 15:07:34.614  INFO 14585 --- [main] s.w.s.m.m.a.RequestMappingHandlerMapping : Mapped "{[/api/data/store],methods=[GET],produces=[application/json]}" onto public org.springframework.http.ResponseEntity<java.util.List<com.insightlake.edp.model.data.DataStore>> com.insightlake.edp.api.data.controller.DataStoreController.getAllEntities() throws com.insightlake.edp.common.exception.DbException
2020-11-10 15:07:34.614  INFO 14585 --- [main] s.w.s.m.m.a.RequestMappingHandlerMapping : Mapped "{[/api/data/store],methods=[POST],consumes=[application/json],produces=[application/json]}" onto public org.springframework.http.ResponseEntity<com.insightlake.edp.model.data.DataStore> com.insightlake.edp.api.data.controller.DataStoreController.createEntity(com.insightlake.edp.model.data.DataStore) throws com.insightlake.edp.common.exception.DbException
2020-11-10 15:07:34.615  INFO 14585 --- [main] s.w.s.m.m.a.RequestMappingHandlerMapping : Mapped "{[/api/data/store],methods=[PUT],consumes=[application/json],produces=[application/json]}" onto public org.springframework.http.ResponseEntity<com.insightlake.edp.model.data.DataStore> com.insightlake.edp.api.data.controller.DataStoreController.updateEntity(com.insightlake.edp.model.data.DataStore) throws com.insightlake.edp.common.exception.DbException
2020-11-10 15:07:34.616  INFO 14585 --- [main] s.w.s.m.m.a.RequestMappingHandlerMapping : Mapped "{[/api/data/store],methods=[DELETE],consumes=[application/json]}" onto public org.springframework.http.ResponseEntity<java.lang.String> com.insightlake.edp.api.data.controller.DataStoreController.deleteEntity(com.insightlake.edp.model.data.DataStore) throws com.insightlake.edp.common.exception.DbException
2020-11-10 15:07:34.642  INFO 14585 --- [main] s.w.s.m.m.a.RequestMappingHandlerMapping : Mapped "{[/swagger-resources/configuration/ui]}" onto public org.springframework.http.ResponseEntity<springfox.documentation.swagger.web.UiConfiguration> springfox.documentation.swagger.web.ApiResourceController.uiConfiguration()
2020-11-10 15:07:34.643  INFO 14585 --- [main] s.w.s.m.m.a.RequestMappingHandlerMapping : Mapped "{[/swagger-resources]}" onto public org.springframework.http.ResponseEntity<java.util.List<springfox.documentation.swagger.web.SwaggerResource>> springfox.documentation.swagger.web.ApiResourceController.swaggerResources()
2020-11-10 15:07:34.644  INFO 14585 --- [main] s.w.s.m.m.a.RequestMappingHandlerMapping : Mapped "{[/swagger-resources/configuration/security]}" onto public org.springframework.http.ResponseEntity<springfox.documentation.swagger.web.SecurityConfiguration> springfox.documentation.swagger.web.ApiResourceController.securityConfiguration()
2020-11-10 15:07:34.648  INFO 14585 --- [main] s.w.s.m.m.a.RequestMappingHandlerMapping : Mapped "{[/error],produces=[text/html]}" onto public org.springframework.web.servlet.ModelAndView org.springframework.boot.autoconfigure.web.servlet.error.BasicErrorController.errorHtml(javax.servlet.http.HttpServletRequest,javax.servlet.http.HttpServletResponse)
2020-11-10 15:07:34.649  INFO 14585 --- [main] s.w.s.m.m.a.RequestMappingHandlerMapping : Mapped "{[/error]}" onto public org.springframework.http.ResponseEntity<java.util.Map<java.lang.String, java.lang.Object>> org.springframework.boot.autoconfigure.web.servlet.error.BasicErrorController.error(javax.servlet.http.HttpServletRequest)
2020-11-10 15:07:34.958  INFO 14585 --- [main] pertySourcedRequestMappingHandlerMapping : Mapped URL path [/v2/api-docs] onto method [public org.springframework.http.ResponseEntity<springfox.documentation.spring.web.json.Json> springfox.documentation.swagger2.web.Swagger2Controller.getDocumentation(java.lang.String,javax.servlet.http.HttpServletRequest)]
2020-11-10 15:07:35.036  INFO 14585 --- [main] o.s.w.s.handler.SimpleUrlHandlerMapping  : Mapped URL path [/swagger-ui.html] onto handler of type [class org.springframework.web.servlet.resource.ResourceHttpRequestHandler]
2020-11-10 15:07:35.036  INFO 14585 --- [main] o.s.w.s.handler.SimpleUrlHandlerMapping  : Mapped URL path [/webjars/**] onto handler of type [class org.springframework.web.servlet.resource.ResourceHttpRequestHandler]
2020-11-10 15:07:35.210  INFO 14585 --- [main] s.w.s.m.m.a.RequestMappingHandlerAdapter : Looking for @ControllerAdvice: org.springframework.boot.web.servlet.context.AnnotationConfigServletWebServerApplicationContext@27ddd392: startup date [Tue Nov 10 15:07:17 IST 2020]; root of context hierarchy
2020-11-10 15:07:35.590  INFO 14585 --- [main] .s.s.UserDetailsServiceAutoConfiguration : 

Using generated security password: d1818b4d-1cd5-4e31-b0e4-1c19b2a8504e

2020-11-10 15:07:36.064  INFO 14585 --- [main] o.s.s.web.DefaultSecurityFilterChain     : Creating filter chain: Ant [pattern='/'], []
2020-11-10 15:07:36.064  INFO 14585 --- [main] o.s.s.web.DefaultSecurityFilterChain     : Creating filter chain: Ant [pattern='/api/**'], []
2020-11-10 15:07:36.281  INFO 14585 --- [main] o.s.s.web.DefaultSecurityFilterChain     : Creating filter chain: org.springframework.security.web.util.matcher.AnyRequestMatcher@1, [org.springframework.security.web.context.request.async.WebAsyncManagerIntegrationFilter@dfddc9a, org.springframework.security.web.context.SecurityContextPersistenceFilter@5066d65f, org.springframework.security.web.header.HeaderWriterFilter@73173f63, org.springframework.security.web.authentication.logout.LogoutFilter@1a9c38eb, org.springframework.security.web.authentication.www.BasicAuthenticationFilter@3fb6cf60, org.springframework.security.web.savedrequest.RequestCacheAwareFilter@77d2e85, org.springframework.security.web.servletapi.SecurityContextHolderAwareRequestFilter@555cf22, org.springframework.security.web.authentication.AnonymousAuthenticationFilter@4b9df8a, org.springframework.security.web.session.SessionManagementFilter@655ef322, org.springframework.security.web.access.ExceptionTranslationFilter@3d9f6567, org.springframework.security.web.access.intercept.FilterSecurityInterceptor@5e01a982]
2020-11-10 15:07:36.606  WARN 14585 --- [main] aWebConfiguration$JpaWebMvcConfiguration : spring.jpa.open-in-view is enabled by default. Therefore, database queries may be performed during view rendering. Explicitly configure spring.jpa.open-in-view to disable this warning
2020-11-10 15:07:37.236  INFO 14585 --- [main] o.s.j.e.a.AnnotationMBeanExporter        : Registering beans for JMX exposure on startup
2020-11-10 15:07:37.243  INFO 14585 --- [main] o.s.j.e.a.AnnotationMBeanExporter        : Bean with name 'dataSource' has been autodetected for JMX exposure
2020-11-10 15:07:37.253  INFO 14585 --- [main] o.s.j.e.a.AnnotationMBeanExporter        : Located MBean 'dataSource': registering with JMX server as MBean [com.zaxxer.hikari:name=dataSource,type=HikariDataSource]
2020-11-10 15:07:37.263  INFO 14585 --- [main] o.s.c.support.DefaultLifecycleProcessor  : Starting beans in phase 2147483647
2020-11-10 15:07:37.264  INFO 14585 --- [main] d.s.w.p.DocumentationPluginsBootstrapper : Context refreshed
2020-11-10 15:07:37.304  INFO 14585 --- [main] d.s.w.p.DocumentationPluginsBootstrapper : Found 1 custom documentation plugin(s)
2020-11-10 15:07:37.391  INFO 14585 --- [main] s.d.s.w.s.ApiListingReferenceScanner     : Scanning for api listing references
2020-11-10 15:07:37.497  INFO 14585 --- [main] o.s.b.w.embedded.tomcat.TomcatWebServer  : Tomcat started on port(s): 8181 (http) with context path ''
2020-11-10 15:07:37.507  INFO 14585 --- [main] c.insightlake.edp.api.data.Application   : Started Application in 21.515 seconds (JVM running for 23.449)
2020-11-10 15:17:52.538  INFO 14585 --- [Thread-3] ConfigServletWebServerApplicationContext : Closing org.springframework.boot.web.servlet.context.AnnotationConfigServletWebServerApplicationContext@27ddd392: startup date [Tue Nov 10 15:07:17 IST 2020]; root of context hierarchy
2020-11-10 15:17:52.752  INFO 14585 --- [Thread-3] o.s.c.support.DefaultLifecycleProcessor  : Stopping beans in phase 2147483647
2020-11-10 15:17:52.752  INFO 14585 --- [Thread-3] o.s.j.e.a.AnnotationMBeanExporter        : Unregistering JMX-exposed beans on shutdown
2020-11-10 15:17:52.754  INFO 14585 --- [Thread-3] o.s.j.e.a.AnnotationMBeanExporter        : Unregistering JMX-exposed beans
2020-11-10 15:17:52.760  INFO 14585 --- [Thread-3] j.LocalContainerEntityManagerFactoryBean : Closing JPA EntityManagerFactory for persistence unit 'default'
2020-11-10 15:17:52.766  INFO 14585 --- [Thread-3] com.zaxxer.hikari.HikariDataSource       : HikariPool-1 - Shutdown initiated...
2020-11-10 15:17:52.790  INFO 14585 --- [Thread-3] com.zaxxer.hikari.HikariDataSource       : HikariPool-1 - Shutdown completed.
